{"/home/travis/build/npmtest/node-npmtest-babyparse/test.js":{"path":"/home/travis/build/npmtest/node-npmtest-babyparse/test.js","s":{"1":2,"2":2,"3":2,"4":2,"5":2,"6":2,"7":2,"8":1,"9":2,"10":2,"11":1,"12":1,"13":1,"14":1,"15":2,"16":2,"17":2,"18":2,"19":1,"20":1,"21":2,"22":2,"23":2,"24":1,"25":1,"26":1,"27":1,"28":1,"29":1,"30":1,"31":1,"32":1,"33":1,"34":1,"35":1,"36":1,"37":1,"38":1,"39":2,"40":2,"41":1,"42":2,"43":2,"44":1,"45":2,"46":2,"47":1,"48":2,"49":2,"50":1,"51":1,"52":1,"53":1,"54":1},"b":{"1":[2,1,1,1],"2":[1,1,1,1],"3":[1,1],"4":[1,1],"5":[1,1],"6":[1,1],"7":[1,1],"8":[1,1],"9":[1,1],"10":[1,1,1],"11":[1,1],"12":[1,1],"13":[1,1],"14":[1,1],"15":[1,1],"16":[1,1],"17":[1,1]},"f":{"1":2,"2":2,"3":2,"4":2,"5":2,"6":1,"7":1,"8":1,"9":2,"10":2,"11":2,"12":2,"13":1},"fnMap":{"1":{"name":"(anonymous_1)","line":12,"loc":{"start":{"line":12,"column":1},"end":{"line":12,"column":13}}},"2":{"name":"(anonymous_2)","line":19,"loc":{"start":{"line":19,"column":5},"end":{"line":19,"column":17}}},"3":{"name":"(anonymous_3)","line":23,"loc":{"start":{"line":23,"column":24},"end":{"line":23,"column":36}}},"4":{"name":"(anonymous_4)","line":61,"loc":{"start":{"line":61,"column":5},"end":{"line":61,"column":17}}},"5":{"name":"(anonymous_5)","line":82,"loc":{"start":{"line":82,"column":5},"end":{"line":82,"column":17}}},"6":{"name":"(anonymous_6)","line":91,"loc":{"start":{"line":91,"column":77},"end":{"line":94,"column":10}}},"7":{"name":"(anonymous_7)","line":112,"loc":{"start":{"line":112,"column":83},"end":{"line":115,"column":10}},"skip":true},"8":{"name":"(anonymous_8)","line":123,"loc":{"start":{"line":123,"column":77},"end":{"line":126,"column":10}},"skip":true},"9":{"name":"(anonymous_9)","line":139,"loc":{"start":{"line":139,"column":12},"end":{"line":139,"column":40}},"skip":true},"10":{"name":"(anonymous_10)","line":147,"loc":{"start":{"line":147,"column":77},"end":{"line":150,"column":10}},"skip":true},"11":{"name":"(anonymous_11)","line":158,"loc":{"start":{"line":158,"column":83},"end":{"line":161,"column":10}},"skip":true},"12":{"name":"(anonymous_12)","line":169,"loc":{"start":{"line":169,"column":79},"end":{"line":172,"column":10}},"skip":true},"13":{"name":"(anonymous_13)","line":180,"loc":{"start":{"line":180,"column":75},"end":{"line":183,"column":10}},"skip":true}},"statementMap":{"1":{"start":{"line":12,"column":0},"end":{"line":195,"column":5}},"2":{"start":{"line":14,"column":4},"end":{"line":14,"column":14}},"3":{"start":{"line":19,"column":4},"end":{"line":56,"column":9}},"4":{"start":{"line":21,"column":8},"end":{"line":21,"column":19}},"5":{"start":{"line":23,"column":8},"end":{"line":35,"column":13}},"6":{"start":{"line":24,"column":12},"end":{"line":34,"column":13}},"7":{"start":{"line":25,"column":16},"end":{"line":28,"column":30}},"8":{"start":{"line":30,"column":16},"end":{"line":33,"column":27}},"9":{"start":{"line":37,"column":8},"end":{"line":39,"column":21}},"10":{"start":{"line":40,"column":8},"end":{"line":53,"column":9}},"11":{"start":{"line":43,"column":12},"end":{"line":46,"column":14}},"12":{"start":{"line":47,"column":12},"end":{"line":47,"column":18}},"13":{"start":{"line":50,"column":12},"end":{"line":51,"column":46}},"14":{"start":{"line":52,"column":12},"end":{"line":52,"column":18}},"15":{"start":{"line":55,"column":8},"end":{"line":55,"column":35}},"16":{"start":{"line":61,"column":4},"end":{"line":63,"column":9}},"17":{"start":{"line":62,"column":8},"end":{"line":62,"column":15}},"18":{"start":{"line":64,"column":4},"end":{"line":77,"column":5}},"19":{"start":{"line":70,"column":8},"end":{"line":70,"column":14}},"20":{"start":{"line":76,"column":8},"end":{"line":76,"column":14}},"21":{"start":{"line":82,"column":4},"end":{"line":84,"column":9}},"22":{"start":{"line":83,"column":8},"end":{"line":83,"column":15}},"23":{"start":{"line":85,"column":4},"end":{"line":194,"column":5}},"24":{"start":{"line":91,"column":8},"end":{"line":99,"column":10}},"25":{"start":{"line":98,"column":12},"end":{"line":98,"column":35}},"26":{"start":{"line":102,"column":8},"end":{"line":104,"column":63}},"27":{"start":{"line":105,"column":8},"end":{"line":105,"column":14}},"28":{"start":{"line":112,"column":8},"end":{"line":121,"column":10},"skip":true},"29":{"start":{"line":119,"column":12},"end":{"line":119,"column":55},"skip":true},"30":{"start":{"line":120,"column":12},"end":{"line":120,"column":48},"skip":true},"31":{"start":{"line":123,"column":8},"end":{"line":136,"column":10},"skip":true},"32":{"start":{"line":130,"column":12},"end":{"line":130,"column":76},"skip":true},"33":{"start":{"line":131,"column":12},"end":{"line":131,"column":73},"skip":true},"34":{"start":{"line":132,"column":12},"end":{"line":132,"column":74},"skip":true},"35":{"start":{"line":133,"column":12},"end":{"line":133,"column":79},"skip":true},"36":{"start":{"line":134,"column":12},"end":{"line":134,"column":25},"skip":true},"37":{"start":{"line":135,"column":12},"end":{"line":135,"column":45},"skip":true},"38":{"start":{"line":138,"column":8},"end":{"line":145,"column":14},"skip":true},"39":{"start":{"line":143,"column":16},"end":{"line":143,"column":29},"skip":true},"40":{"start":{"line":144,"column":16},"end":{"line":144,"column":55},"skip":true},"41":{"start":{"line":147,"column":8},"end":{"line":156,"column":10},"skip":true},"42":{"start":{"line":154,"column":12},"end":{"line":154,"column":25},"skip":true},"43":{"start":{"line":155,"column":12},"end":{"line":155,"column":45},"skip":true},"44":{"start":{"line":158,"column":8},"end":{"line":167,"column":10},"skip":true},"45":{"start":{"line":165,"column":12},"end":{"line":165,"column":25},"skip":true},"46":{"start":{"line":166,"column":12},"end":{"line":166,"column":48},"skip":true},"47":{"start":{"line":169,"column":8},"end":{"line":178,"column":10},"skip":true},"48":{"start":{"line":176,"column":12},"end":{"line":176,"column":25},"skip":true},"49":{"start":{"line":177,"column":12},"end":{"line":177,"column":46},"skip":true},"50":{"start":{"line":180,"column":8},"end":{"line":189,"column":10},"skip":true},"51":{"start":{"line":187,"column":12},"end":{"line":187,"column":94},"skip":true},"52":{"start":{"line":188,"column":12},"end":{"line":188,"column":48},"skip":true},"53":{"start":{"line":192,"column":8},"end":{"line":192,"column":35},"skip":true},"54":{"start":{"line":193,"column":8},"end":{"line":193,"column":14},"skip":true}},"branchMap":{"1":{"line":25,"type":"binary-expr","locations":[{"start":{"line":25,"column":23},"end":{"line":25,"column":62}},{"start":{"line":26,"column":20},"end":{"line":26,"column":70}},{"start":{"line":27,"column":20},"end":{"line":27,"column":71}},{"start":{"line":28,"column":20},"end":{"line":28,"column":29}}]},"2":{"line":30,"type":"binary-expr","locations":[{"start":{"line":30,"column":23},"end":{"line":30,"column":37}},{"start":{"line":31,"column":20},"end":{"line":31,"column":61}},{"start":{"line":32,"column":20},"end":{"line":32,"column":70}},{"start":{"line":33,"column":20},"end":{"line":33,"column":26}}]},"3":{"line":37,"type":"cond-expr","locations":[{"start":{"line":38,"column":14},"end":{"line":38,"column":20}},{"start":{"line":39,"column":14},"end":{"line":39,"column":20}}]},"4":{"line":40,"type":"switch","locations":[{"start":{"line":42,"column":8},"end":{"line":47,"column":18}},{"start":{"line":49,"column":8},"end":{"line":52,"column":18}}]},"5":{"line":44,"type":"binary-expr","locations":[{"start":{"line":44,"column":16},"end":{"line":44,"column":44}},{"start":{"line":44,"column":48},"end":{"line":44,"column":66}}]},"6":{"line":50,"type":"binary-expr","locations":[{"start":{"line":50,"column":21},"end":{"line":50,"column":49}},{"start":{"line":50,"column":53},"end":{"line":50,"column":72}}]},"7":{"line":64,"type":"switch","locations":[{"start":{"line":69,"column":4},"end":{"line":70,"column":14}},{"start":{"line":75,"column":4},"end":{"line":76,"column":14}}]},"8":{"line":85,"type":"switch","locations":[{"start":{"line":90,"column":4},"end":{"line":105,"column":14}},{"start":{"line":111,"column":4},"end":{"line":193,"column":14},"skip":true}]},"9":{"line":91,"type":"binary-expr","locations":[{"start":{"line":91,"column":42},"end":{"line":91,"column":73}},{"start":{"line":91,"column":77},"end":{"line":99,"column":9}}]},"10":{"line":102,"type":"binary-expr","locations":[{"start":{"line":102,"column":18},"end":{"line":102,"column":32}},{"start":{"line":103,"column":12},"end":{"line":103,"column":53}},{"start":{"line":104,"column":12},"end":{"line":104,"column":61}}]},"11":{"line":112,"type":"binary-expr","locations":[{"start":{"line":112,"column":45},"end":{"line":112,"column":79},"skip":true},{"start":{"line":112,"column":83},"end":{"line":121,"column":9},"skip":true}]},"12":{"line":123,"type":"binary-expr","locations":[{"start":{"line":123,"column":42},"end":{"line":123,"column":73},"skip":true},{"start":{"line":123,"column":77},"end":{"line":136,"column":9},"skip":true}]},"13":{"line":138,"type":"binary-expr","locations":[{"start":{"line":138,"column":48},"end":{"line":138,"column":85},"skip":true},{"start":{"line":139,"column":12},"end":{"line":145,"column":13},"skip":true}]},"14":{"line":147,"type":"binary-expr","locations":[{"start":{"line":147,"column":42},"end":{"line":147,"column":73},"skip":true},{"start":{"line":147,"column":77},"end":{"line":156,"column":9},"skip":true}]},"15":{"line":158,"type":"binary-expr","locations":[{"start":{"line":158,"column":45},"end":{"line":158,"column":79},"skip":true},{"start":{"line":158,"column":83},"end":{"line":167,"column":9},"skip":true}]},"16":{"line":169,"type":"binary-expr","locations":[{"start":{"line":169,"column":43},"end":{"line":169,"column":75},"skip":true},{"start":{"line":169,"column":79},"end":{"line":178,"column":9},"skip":true}]},"17":{"line":180,"type":"binary-expr","locations":[{"start":{"line":180,"column":41},"end":{"line":180,"column":71},"skip":true},{"start":{"line":180,"column":75},"end":{"line":189,"column":9},"skip":true}]}},"code":["/* istanbul instrument in package npmtest_babyparse */","/*jslint","    bitwise: true,","    browser: true,","    maxerr: 8,","    maxlen: 96,","    node: true,","    nomen: true,","    regexp: true,","    stupid: true","*/","(function () {","    'use strict';","    var local;","","","","    // run shared js-env code - pre-init","    (function () {","        // init local","        local = {};","        // init modeJs","        local.modeJs = (function () {","            try {","                return typeof navigator.userAgent === 'string' &&","                    typeof document.querySelector('body') === 'object' &&","                    typeof XMLHttpRequest.prototype.open === 'function' &&","                    'browser';","            } catch (errorCaughtBrowser) {","                return module.exports &&","                    typeof process.versions.node === 'string' &&","                    typeof require('http').createServer === 'function' &&","                    'node';","            }","        }());","        // init global","        local.global = local.modeJs === 'browser'","            ? window","            : global;","        switch (local.modeJs) {","        // re-init local from window.local","        case 'browser':","            local = local.global.utility2.objectSetDefault(","                local.global.utility2_rollup || local.global.local,","                local.global.utility2","            );","            break;","        // re-init local from example.js","        case 'node':","            local = (local.global.utility2_rollup || require('utility2'))","                .requireExampleJsFromReadme();","            break;","        }","        // export local","        local.global.local = local;","    }());","","","","    // run shared js-env code - function","    (function () {","        return;","    }());","    switch (local.modeJs) {","","","","    // run browser js-env code - function","    case 'browser':","        break;","","","","    // run node js-env code - function","    case 'node':","        break;","    }","","","","    // run shared js-env code - post-init","    (function () {","        return;","    }());","    switch (local.modeJs) {","","","","    // run browser js-env code - post-init","    case 'browser':","        local.testCase_browser_nullCase = local.testCase_browser_nullCase || function (","            options,","            onError","        ) {","        /*","         * this function will test browsers's null-case handling-behavior-behavior","         */","            onError(null, options);","        };","","        // run tests","        local.nop(local.modeTest &&","            document.querySelector('#testRunButton1') &&","            document.querySelector('#testRunButton1').click());","        break;","","","","    // run node js-env code - post-init","    /* istanbul ignore next */","    case 'node':","        local.testCase_buildApidoc_default = local.testCase_buildApidoc_default || function (","            options,","            onError","        ) {","        /*","         * this function will test buildApidoc's default handling-behavior-behavior","         */","            options = { modulePathList: module.paths };","            local.buildApidoc(options, onError);","        };","","        local.testCase_buildApp_default = local.testCase_buildApp_default || function (","            options,","            onError","        ) {","        /*","         * this function will test buildApp's default handling-behavior-behavior","         */","            local.testCase_buildReadme_default(options, local.onErrorThrow);","            local.testCase_buildLib_default(options, local.onErrorThrow);","            local.testCase_buildTest_default(options, local.onErrorThrow);","            local.testCase_buildCustomOrg_default(options, local.onErrorThrow);","            options = [];","            local.buildApp(options, onError);","        };","","        local.testCase_buildCustomOrg_default = local.testCase_buildCustomOrg_default ||","            function (options, onError) {","            /*","             * this function will test buildCustomOrg's default handling-behavior","             */","                options = {};","                local.buildCustomOrg(options, onError);","            };","","        local.testCase_buildLib_default = local.testCase_buildLib_default || function (","            options,","            onError","        ) {","        /*","         * this function will test buildLib's default handling-behavior","         */","            options = {};","            local.buildLib(options, onError);","        };","","        local.testCase_buildReadme_default = local.testCase_buildReadme_default || function (","            options,","            onError","        ) {","        /*","         * this function will test buildReadme's default handling-behavior-behavior","         */","            options = {};","            local.buildReadme(options, onError);","        };","","        local.testCase_buildTest_default = local.testCase_buildTest_default || function (","            options,","            onError","        ) {","        /*","         * this function will test buildTest's default handling-behavior","         */","            options = {};","            local.buildTest(options, onError);","        };","","        local.testCase_webpage_default = local.testCase_webpage_default || function (","            options,","            onError","        ) {","        /*","         * this function will test webpage's default handling-behavior","         */","            options = { modeCoverageMerge: true, url: local.serverLocalHost + '?modeTest=1' };","            local.browserTest(options, onError);","        };","","        // run test-server","        local.testRunServer(local);","        break;","    }","}());",""],"l":{"12":2,"14":2,"19":2,"21":2,"23":2,"24":2,"25":2,"30":1,"37":2,"40":2,"43":1,"47":1,"50":1,"52":1,"55":2,"61":2,"62":2,"64":2,"70":1,"76":1,"82":2,"83":2,"85":2,"91":1,"98":1,"102":1,"105":1,"112":1,"119":1,"120":1,"123":1,"130":1,"131":1,"132":1,"133":1,"134":1,"135":1,"138":1,"143":2,"144":2,"147":1,"154":2,"155":2,"158":1,"165":2,"166":2,"169":1,"176":2,"177":2,"180":1,"187":1,"188":1,"192":1,"193":1}},"/home/travis/build/npmtest/node-npmtest-babyparse/lib.npmtest_babyparse.js":{"path":"/home/travis/build/npmtest/node-npmtest-babyparse/lib.npmtest_babyparse.js","s":{"1":2,"2":2,"3":2,"4":2,"5":2,"6":2,"7":2,"8":1,"9":2,"10":2,"11":2,"12":2,"13":1,"14":1,"15":1,"16":1},"b":{"1":[2,1,1,1],"2":[1,1,1,1],"3":[1,1],"4":[2,2],"5":[1,1]},"f":{"1":2,"2":2,"3":2},"fnMap":{"1":{"name":"(anonymous_1)","line":12,"loc":{"start":{"line":12,"column":1},"end":{"line":12,"column":13}}},"2":{"name":"(anonymous_2)","line":19,"loc":{"start":{"line":19,"column":5},"end":{"line":19,"column":17}}},"3":{"name":"(anonymous_3)","line":23,"loc":{"start":{"line":23,"column":24},"end":{"line":23,"column":36}}}},"statementMap":{"1":{"start":{"line":12,"column":0},"end":{"line":53,"column":5}},"2":{"start":{"line":14,"column":4},"end":{"line":14,"column":14}},"3":{"start":{"line":19,"column":4},"end":{"line":52,"column":9}},"4":{"start":{"line":21,"column":8},"end":{"line":21,"column":19}},"5":{"start":{"line":23,"column":8},"end":{"line":35,"column":13}},"6":{"start":{"line":24,"column":12},"end":{"line":34,"column":13}},"7":{"start":{"line":25,"column":16},"end":{"line":28,"column":30}},"8":{"start":{"line":30,"column":16},"end":{"line":33,"column":27}},"9":{"start":{"line":37,"column":8},"end":{"line":39,"column":21}},"10":{"start":{"line":41,"column":8},"end":{"line":41,"column":54}},"11":{"start":{"line":43,"column":8},"end":{"line":43,"column":54}},"12":{"start":{"line":45,"column":8},"end":{"line":51,"column":9}},"13":{"start":{"line":46,"column":12},"end":{"line":46,"column":60}},"14":{"start":{"line":48,"column":12},"end":{"line":48,"column":35}},"15":{"start":{"line":49,"column":12},"end":{"line":49,"column":49}},"16":{"start":{"line":50,"column":12},"end":{"line":50,"column":43}}},"branchMap":{"1":{"line":25,"type":"binary-expr","locations":[{"start":{"line":25,"column":23},"end":{"line":25,"column":62}},{"start":{"line":26,"column":20},"end":{"line":26,"column":70}},{"start":{"line":27,"column":20},"end":{"line":27,"column":71}},{"start":{"line":28,"column":20},"end":{"line":28,"column":29}}]},"2":{"line":30,"type":"binary-expr","locations":[{"start":{"line":30,"column":23},"end":{"line":30,"column":37}},{"start":{"line":31,"column":20},"end":{"line":31,"column":61}},{"start":{"line":32,"column":20},"end":{"line":32,"column":70}},{"start":{"line":33,"column":20},"end":{"line":33,"column":26}}]},"3":{"line":37,"type":"cond-expr","locations":[{"start":{"line":38,"column":14},"end":{"line":38,"column":20}},{"start":{"line":39,"column":14},"end":{"line":39,"column":20}}]},"4":{"line":41,"type":"binary-expr","locations":[{"start":{"line":41,"column":16},"end":{"line":41,"column":44}},{"start":{"line":41,"column":48},"end":{"line":41,"column":53}}]},"5":{"line":45,"type":"if","locations":[{"start":{"line":45,"column":8},"end":{"line":45,"column":8}},{"start":{"line":45,"column":8},"end":{"line":45,"column":8}}]}},"code":["/* istanbul instrument in package npmtest_babyparse */","/*jslint","    bitwise: true,","    browser: true,","    maxerr: 8,","    maxlen: 96,","    node: true,","    nomen: true,","    regexp: true,","    stupid: true","*/","(function () {","    'use strict';","    var local;","","","","    // run shared js-env code - pre-init","    (function () {","        // init local","        local = {};","        // init modeJs","        local.modeJs = (function () {","            try {","                return typeof navigator.userAgent === 'string' &&","                    typeof document.querySelector('body') === 'object' &&","                    typeof XMLHttpRequest.prototype.open === 'function' &&","                    'browser';","            } catch (errorCaughtBrowser) {","                return module.exports &&","                    typeof process.versions.node === 'string' &&","                    typeof require('http').createServer === 'function' &&","                    'node';","            }","        }());","        // init global","        local.global = local.modeJs === 'browser'","            ? window","            : global;","        // init utility2_rollup","        local = local.global.utility2_rollup || local;","        // init lib","        local.local = local.npmtest_babyparse = local;","        // init exports","        if (local.modeJs === 'browser') {","            local.global.utility2_npmtest_babyparse = local;","        } else {","            module.exports = local;","            module.exports.__dirname = __dirname;","            module.exports.module = module;","        }","    }());","}());",""],"l":{"12":2,"14":2,"19":2,"21":2,"23":2,"24":2,"25":2,"30":1,"37":2,"41":2,"43":2,"45":2,"46":1,"48":1,"49":1,"50":1}},"/home/travis/build/npmtest/node-npmtest-babyparse/example.js":{"path":"/home/travis/build/npmtest/node-npmtest-babyparse/example.js","s":{"1":2,"2":2,"3":2,"4":2,"5":2,"6":2,"7":2,"8":1,"9":2,"10":2,"11":2,"12":2,"13":1,"14":2,"15":2,"16":2,"17":2,"18":2,"19":0,"20":2,"21":1,"22":1,"23":1,"24":1,"25":1,"26":0,"27":0,"28":1,"29":1,"30":2,"31":0,"32":0,"33":0,"34":1,"35":2,"36":2,"37":3,"38":3,"39":3,"40":3,"41":0,"42":3,"43":3,"44":3,"45":1,"46":3,"47":1,"48":1,"49":1,"50":1,"51":1,"52":1,"53":1,"54":1,"55":1,"56":1,"57":0,"58":1,"59":6,"60":6,"61":1,"62":2,"63":0,"64":2,"65":1,"66":1,"67":0,"68":0,"69":0,"70":0,"71":0,"72":0,"73":0,"74":0,"75":0,"76":0,"77":0,"78":0,"79":0,"80":0,"81":0,"82":0,"83":0},"b":{"1":[2,1,1,1],"2":[1,1,1,1],"3":[1,1],"4":[2,2],"5":[1,1],"6":[1,1],"7":[2,0],"8":[2,1,1,1,1,1],"9":[0,2,0],"10":[1,1],"11":[2,1,1],"12":[1,0],"13":[0,2],"14":[2,0,0,0,0,0,0],"15":[0,3],"16":[3,0],"17":[1,1],"18":[0,1],"19":[1,2,0,2],"20":[1,0],"21":[1,1],"22":[0,0],"23":[0,0],"24":[0,0],"25":[0,0],"26":[0,0],"27":[0,0],"28":[0,0]},"f":{"1":2,"2":2,"3":2,"4":2,"5":2,"6":2,"7":3,"8":3,"9":3,"10":1,"11":6,"12":0},"fnMap":{"1":{"name":"(anonymous_1)","line":26,"loc":{"start":{"line":26,"column":1},"end":{"line":26,"column":13}}},"2":{"name":"(anonymous_2)","line":33,"loc":{"start":{"line":33,"column":5},"end":{"line":33,"column":17}}},"3":{"name":"(anonymous_3)","line":37,"loc":{"start":{"line":37,"column":24},"end":{"line":37,"column":36}}},"4":{"name":"(anonymous_4)","line":69,"loc":{"start":{"line":69,"column":31},"end":{"line":69,"column":48}},"skip":true},"5":{"name":"(anonymous_5)","line":78,"loc":{"start":{"line":78,"column":26},"end":{"line":78,"column":45}},"skip":true},"6":{"name":"(anonymous_6)","line":123,"loc":{"start":{"line":123,"column":33},"end":{"line":123,"column":48}},"skip":true},"7":{"name":"(anonymous_7)","line":125,"loc":{"start":{"line":125,"column":27},"end":{"line":125,"column":39}},"skip":true},"8":{"name":"(anonymous_8)","line":133,"loc":{"start":{"line":133,"column":59},"end":{"line":133,"column":74}},"skip":true},"9":{"name":"(anonymous_9)","line":143,"loc":{"start":{"line":143,"column":45},"end":{"line":143,"column":62}},"skip":true},"10":{"name":"(anonymous_10)","line":144,"loc":{"start":{"line":144,"column":73},"end":{"line":144,"column":92}},"skip":true},"11":{"name":"(anonymous_11)","line":272,"loc":{"start":{"line":272,"column":51},"end":{"line":272,"column":77}},"skip":true},"12":{"name":"(anonymous_12)","line":314,"loc":{"start":{"line":314,"column":32},"end":{"line":314,"column":61}},"skip":true}},"statementMap":{"1":{"start":{"line":26,"column":0},"end":{"line":325,"column":5}},"2":{"start":{"line":28,"column":4},"end":{"line":28,"column":14}},"3":{"start":{"line":33,"column":4},"end":{"line":60,"column":9}},"4":{"start":{"line":35,"column":8},"end":{"line":35,"column":19}},"5":{"start":{"line":37,"column":8},"end":{"line":49,"column":13}},"6":{"start":{"line":38,"column":12},"end":{"line":48,"column":13}},"7":{"start":{"line":39,"column":16},"end":{"line":42,"column":30}},"8":{"start":{"line":44,"column":16},"end":{"line":47,"column":27}},"9":{"start":{"line":51,"column":8},"end":{"line":53,"column":21}},"10":{"start":{"line":55,"column":8},"end":{"line":57,"column":45}},"11":{"start":{"line":59,"column":8},"end":{"line":59,"column":35}},"12":{"start":{"line":61,"column":4},"end":{"line":324,"column":5}},"13":{"start":{"line":69,"column":8},"end":{"line":121,"column":10},"skip":true},"14":{"start":{"line":70,"column":12},"end":{"line":88,"column":13},"skip":true},"15":{"start":{"line":76,"column":16},"end":{"line":87,"column":19},"skip":true},"16":{"start":{"line":79,"column":20},"end":{"line":86,"column":21},"skip":true},"17":{"start":{"line":82,"column":24},"end":{"line":82,"column":43},"skip":true},"18":{"start":{"line":83,"column":24},"end":{"line":83,"column":30},"skip":true},"19":{"start":{"line":85,"column":24},"end":{"line":85,"column":49},"skip":true},"20":{"start":{"line":89,"column":12},"end":{"line":107,"column":13},"skip":true},"21":{"start":{"line":92,"column":16},"end":{"line":102,"column":17},"skip":true},"22":{"start":{"line":93,"column":20},"end":{"line":93,"column":86},"skip":true},"23":{"start":{"line":94,"column":20},"end":{"line":95,"column":45},"skip":true},"24":{"start":{"line":96,"column":20},"end":{"line":96,"column":42},"skip":true},"25":{"start":{"line":97,"column":20},"end":{"line":97,"column":48},"skip":true},"26":{"start":{"line":100,"column":20},"end":{"line":100,"column":85},"skip":true},"27":{"start":{"line":101,"column":20},"end":{"line":101,"column":96},"skip":true},"28":{"start":{"line":103,"column":16},"end":{"line":103,"column":22},"skip":true},"29":{"start":{"line":106,"column":16},"end":{"line":106,"column":22},"skip":true},"30":{"start":{"line":108,"column":12},"end":{"line":120,"column":13},"skip":true},"31":{"start":{"line":114,"column":16},"end":{"line":119,"column":17},"skip":true},"32":{"start":{"line":116,"column":20},"end":{"line":116,"column":78},"skip":true},"33":{"start":{"line":118,"column":20},"end":{"line":118,"column":47},"skip":true},"34":{"start":{"line":123,"column":8},"end":{"line":141,"column":11},"skip":true},"35":{"start":{"line":124,"column":12},"end":{"line":124,"column":54},"skip":true},"36":{"start":{"line":125,"column":12},"end":{"line":140,"column":14},"skip":true},"37":{"start":{"line":126,"column":16},"end":{"line":126,"column":28},"skip":true},"38":{"start":{"line":127,"column":16},"end":{"line":127,"column":69},"skip":true},"39":{"start":{"line":128,"column":16},"end":{"line":128,"column":75},"skip":true},"40":{"start":{"line":129,"column":16},"end":{"line":131,"column":17},"skip":true},"41":{"start":{"line":130,"column":20},"end":{"line":130,"column":27},"skip":true},"42":{"start":{"line":133,"column":16},"end":{"line":137,"column":36},"skip":true},"43":{"start":{"line":134,"column":20},"end":{"line":136,"column":55},"skip":true},"44":{"start":{"line":139,"column":16},"end":{"line":139,"column":57},"skip":true},"45":{"start":{"line":143,"column":8},"end":{"line":147,"column":11},"skip":true},"46":{"start":{"line":144,"column":12},"end":{"line":146,"column":15},"skip":true},"47":{"start":{"line":145,"column":16},"end":{"line":145,"column":70},"skip":true},"48":{"start":{"line":149,"column":8},"end":{"line":149,"column":31},"skip":true},"49":{"start":{"line":150,"column":8},"end":{"line":150,"column":14},"skip":true},"50":{"start":{"line":158,"column":8},"end":{"line":158,"column":31},"skip":true},"51":{"start":{"line":160,"column":8},"end":{"line":160,"column":33},"skip":true},"52":{"start":{"line":161,"column":8},"end":{"line":161,"column":37},"skip":true},"53":{"start":{"line":162,"column":8},"end":{"line":162,"column":35},"skip":true},"54":{"start":{"line":164,"column":8},"end":{"line":164,"column":50},"skip":true},"55":{"start":{"line":166,"column":8},"end":{"line":256,"column":2},"skip":true},"56":{"start":{"line":258,"column":8},"end":{"line":286,"column":9},"skip":true},"57":{"start":{"line":259,"column":12},"end":{"line":269,"column":14},"skip":true},"58":{"start":{"line":271,"column":12},"end":{"line":285,"column":19},"skip":true},"59":{"start":{"line":274,"column":20},"end":{"line":274,"column":35},"skip":true},"60":{"start":{"line":275,"column":20},"end":{"line":284,"column":21},"skip":true},"61":{"start":{"line":277,"column":24},"end":{"line":277,"column":64},"skip":true},"62":{"start":{"line":279,"column":24},"end":{"line":279,"column":40},"skip":true},"63":{"start":{"line":281,"column":24},"end":{"line":281,"column":40},"skip":true},"64":{"start":{"line":283,"column":24},"end":{"line":283,"column":39},"skip":true},"65":{"start":{"line":288,"column":8},"end":{"line":290,"column":9},"skip":true},"66":{"start":{"line":289,"column":12},"end":{"line":289,"column":18},"skip":true},"67":{"start":{"line":291,"column":8},"end":{"line":293,"column":54},"skip":true},"68":{"start":{"line":294,"column":8},"end":{"line":301,"column":37},"skip":true},"69":{"start":{"line":302,"column":8},"end":{"line":302,"column":82},"skip":true},"70":{"start":{"line":305,"column":8},"end":{"line":307,"column":9},"skip":true},"71":{"start":{"line":306,"column":12},"end":{"line":306,"column":82},"skip":true},"72":{"start":{"line":309,"column":8},"end":{"line":311,"column":9},"skip":true},"73":{"start":{"line":310,"column":12},"end":{"line":310,"column":18},"skip":true},"74":{"start":{"line":312,"column":8},"end":{"line":312,"column":54},"skip":true},"75":{"start":{"line":313,"column":8},"end":{"line":313,"column":69},"skip":true},"76":{"start":{"line":314,"column":8},"end":{"line":322,"column":36},"skip":true},"77":{"start":{"line":315,"column":12},"end":{"line":315,"column":61},"skip":true},"78":{"start":{"line":316,"column":12},"end":{"line":319,"column":13},"skip":true},"79":{"start":{"line":317,"column":16},"end":{"line":317,"column":75},"skip":true},"80":{"start":{"line":318,"column":16},"end":{"line":318,"column":23},"skip":true},"81":{"start":{"line":320,"column":12},"end":{"line":320,"column":38},"skip":true},"82":{"start":{"line":321,"column":12},"end":{"line":321,"column":27},"skip":true},"83":{"start":{"line":323,"column":8},"end":{"line":323,"column":14},"skip":true}},"branchMap":{"1":{"line":39,"type":"binary-expr","locations":[{"start":{"line":39,"column":23},"end":{"line":39,"column":62}},{"start":{"line":40,"column":20},"end":{"line":40,"column":70}},{"start":{"line":41,"column":20},"end":{"line":41,"column":71}},{"start":{"line":42,"column":20},"end":{"line":42,"column":29}}]},"2":{"line":44,"type":"binary-expr","locations":[{"start":{"line":44,"column":23},"end":{"line":44,"column":37}},{"start":{"line":45,"column":20},"end":{"line":45,"column":61}},{"start":{"line":46,"column":20},"end":{"line":46,"column":70}},{"start":{"line":47,"column":20},"end":{"line":47,"column":26}}]},"3":{"line":51,"type":"cond-expr","locations":[{"start":{"line":52,"column":14},"end":{"line":52,"column":20}},{"start":{"line":53,"column":14},"end":{"line":53,"column":20}}]},"4":{"line":55,"type":"binary-expr","locations":[{"start":{"line":55,"column":16},"end":{"line":55,"column":44}},{"start":{"line":55,"column":49},"end":{"line":57,"column":43}}]},"5":{"line":55,"type":"cond-expr","locations":[{"start":{"line":56,"column":14},"end":{"line":56,"column":53}},{"start":{"line":57,"column":14},"end":{"line":57,"column":43}}]},"6":{"line":61,"type":"switch","locations":[{"start":{"line":68,"column":4},"end":{"line":150,"column":14},"skip":true},{"start":{"line":156,"column":4},"end":{"line":323,"column":14},"skip":true}]},"7":{"line":70,"type":"if","locations":[{"start":{"line":70,"column":12},"end":{"line":70,"column":12},"skip":true},{"start":{"line":70,"column":12},"end":{"line":70,"column":12},"skip":true}]},"8":{"line":70,"type":"binary-expr","locations":[{"start":{"line":70,"column":16},"end":{"line":70,"column":22},"skip":true},{"start":{"line":70,"column":27},"end":{"line":70,"column":32},"skip":true},{"start":{"line":71,"column":20},"end":{"line":71,"column":39},"skip":true},{"start":{"line":72,"column":20},"end":{"line":72,"column":49},"skip":true},{"start":{"line":73,"column":20},"end":{"line":73,"column":58},"skip":true},{"start":{"line":74,"column":20},"end":{"line":74,"column":69},"skip":true}]},"9":{"line":79,"type":"switch","locations":[{"start":{"line":80,"column":20},"end":{"line":80,"column":33},"skip":true},{"start":{"line":81,"column":20},"end":{"line":83,"column":30},"skip":true},{"start":{"line":84,"column":20},"end":{"line":85,"column":49},"skip":true}]},"10":{"line":89,"type":"switch","locations":[{"start":{"line":90,"column":12},"end":{"line":103,"column":22},"skip":true},{"start":{"line":105,"column":12},"end":{"line":106,"column":22},"skip":true}]},"11":{"line":89,"type":"binary-expr","locations":[{"start":{"line":89,"column":20},"end":{"line":89,"column":25},"skip":true},{"start":{"line":89,"column":29},"end":{"line":89,"column":48},"skip":true},{"start":{"line":89,"column":52},"end":{"line":89,"column":74},"skip":true}]},"12":{"line":92,"type":"if","locations":[{"start":{"line":92,"column":16},"end":{"line":92,"column":16},"skip":true},{"start":{"line":92,"column":16},"end":{"line":92,"column":16},"skip":true}]},"13":{"line":108,"type":"if","locations":[{"start":{"line":108,"column":12},"end":{"line":108,"column":12},"skip":true},{"start":{"line":108,"column":12},"end":{"line":108,"column":12},"skip":true}]},"14":{"line":108,"type":"binary-expr","locations":[{"start":{"line":108,"column":16},"end":{"line":108,"column":61},"skip":true},{"start":{"line":108,"column":66},"end":{"line":108,"column":72},"skip":true},{"start":{"line":108,"column":77},"end":{"line":108,"column":82},"skip":true},{"start":{"line":109,"column":20},"end":{"line":109,"column":39},"skip":true},{"start":{"line":110,"column":20},"end":{"line":110,"column":49},"skip":true},{"start":{"line":111,"column":20},"end":{"line":111,"column":58},"skip":true},{"start":{"line":112,"column":20},"end":{"line":112,"column":68},"skip":true}]},"15":{"line":129,"type":"if","locations":[{"start":{"line":129,"column":16},"end":{"line":129,"column":16},"skip":true},{"start":{"line":129,"column":16},"end":{"line":129,"column":16},"skip":true}]},"16":{"line":134,"type":"cond-expr","locations":[{"start":{"line":135,"column":26},"end":{"line":135,"column":29},"skip":true},{"start":{"line":136,"column":26},"end":{"line":136,"column":54},"skip":true}]},"17":{"line":164,"type":"binary-expr","locations":[{"start":{"line":164,"column":27},"end":{"line":164,"column":43},"skip":true},{"start":{"line":164,"column":47},"end":{"line":164,"column":49},"skip":true}]},"18":{"line":258,"type":"if","locations":[{"start":{"line":258,"column":8},"end":{"line":258,"column":8},"skip":true},{"start":{"line":258,"column":8},"end":{"line":258,"column":8},"skip":true}]},"19":{"line":275,"type":"switch","locations":[{"start":{"line":276,"column":20},"end":{"line":277,"column":64},"skip":true},{"start":{"line":278,"column":20},"end":{"line":279,"column":40},"skip":true},{"start":{"line":280,"column":20},"end":{"line":281,"column":40},"skip":true},{"start":{"line":282,"column":20},"end":{"line":283,"column":39},"skip":true}]},"20":{"line":288,"type":"if","locations":[{"start":{"line":288,"column":8},"end":{"line":288,"column":8},"skip":true},{"start":{"line":288,"column":8},"end":{"line":288,"column":8},"skip":true}]},"21":{"line":288,"type":"binary-expr","locations":[{"start":{"line":288,"column":12},"end":{"line":288,"column":40},"skip":true},{"start":{"line":288,"column":44},"end":{"line":288,"column":67},"skip":true}]},"22":{"line":292,"type":"binary-expr","locations":[{"start":{"line":292,"column":12},"end":{"line":292,"column":50},"skip":true},{"start":{"line":293,"column":12},"end":{"line":293,"column":53},"skip":true}]},"23":{"line":295,"type":"binary-expr","locations":[{"start":{"line":295,"column":12},"end":{"line":295,"column":67},"skip":true},{"start":{"line":296,"column":12},"end":{"line":301,"column":36},"skip":true}]},"24":{"line":302,"type":"binary-expr","locations":[{"start":{"line":302,"column":43},"end":{"line":302,"column":75},"skip":true},{"start":{"line":302,"column":79},"end":{"line":302,"column":81},"skip":true}]},"25":{"line":305,"type":"if","locations":[{"start":{"line":305,"column":8},"end":{"line":305,"column":8},"skip":true},{"start":{"line":305,"column":8},"end":{"line":305,"column":8},"skip":true}]},"26":{"line":309,"type":"if","locations":[{"start":{"line":309,"column":8},"end":{"line":309,"column":8},"skip":true},{"start":{"line":309,"column":8},"end":{"line":309,"column":8},"skip":true}]},"27":{"line":312,"type":"binary-expr","locations":[{"start":{"line":312,"column":27},"end":{"line":312,"column":43},"skip":true},{"start":{"line":312,"column":47},"end":{"line":312,"column":53},"skip":true}]},"28":{"line":316,"type":"if","locations":[{"start":{"line":316,"column":12},"end":{"line":316,"column":12},"skip":true},{"start":{"line":316,"column":12},"end":{"line":316,"column":12},"skip":true}]}},"code":["/*","example.js","","quickstart example","","instruction","    1. save this script as example.js","    2. run the shell command:","        $ npm install npmtest-babyparse && PORT=8081 node example.js","    3. play with the browser-demo on http://127.0.0.1:8081","*/","","","","/* istanbul instrument in package npmtest_babyparse */","/*jslint","    bitwise: true,","    browser: true,","    maxerr: 8,","    maxlen: 96,","    node: true,","    nomen: true,","    regexp: true,","    stupid: true","*/","(function () {","    'use strict';","    var local;","","","","    // run shared js-env code - pre-init","    (function () {","        // init local","        local = {};","        // init modeJs","        local.modeJs = (function () {","            try {","                return typeof navigator.userAgent === 'string' &&","                    typeof document.querySelector('body') === 'object' &&","                    typeof XMLHttpRequest.prototype.open === 'function' &&","                    'browser';","            } catch (errorCaughtBrowser) {","                return module.exports &&","                    typeof process.versions.node === 'string' &&","                    typeof require('http').createServer === 'function' &&","                    'node';","            }","        }());","        // init global","        local.global = local.modeJs === 'browser'","            ? window","            : global;","        // init utility2_rollup","        local = local.global.utility2_rollup || (local.modeJs === 'browser'","            ? local.global.utility2_npmtest_babyparse","            : global.utility2_moduleExports);","        // export local","        local.global.local = local;","    }());","    switch (local.modeJs) {","","","","    // post-init","    // run browser js-env code - post-init","    /* istanbul ignore next */","    case 'browser':","        local.testRunBrowser = function (event) {","            if (!event || (event &&","                    event.currentTarget &&","                    event.currentTarget.className &&","                    event.currentTarget.className.includes &&","                    event.currentTarget.className.includes('onreset'))) {","                // reset output","                Array.from(","                    document.querySelectorAll('body > .resettable')","                ).forEach(function (element) {","                    switch (element.tagName) {","                    case 'INPUT':","                    case 'TEXTAREA':","                        element.value = '';","                        break;","                    default:","                        element.textContent = '';","                    }","                });","            }","            switch (event && event.currentTarget && event.currentTarget.id) {","            case 'testRunButton1':","                // show tests","                if (document.querySelector('#testReportDiv1').style.display === 'none') {","                    document.querySelector('#testReportDiv1').style.display = 'block';","                    document.querySelector('#testRunButton1').textContent =","                        'hide internal test';","                    local.modeTest = true;","                    local.testRunDefault(local);","                // hide tests","                } else {","                    document.querySelector('#testReportDiv1').style.display = 'none';","                    document.querySelector('#testRunButton1').textContent = 'run internal test';","                }","                break;","            // custom-case","            default:","                break;","            }","            if (document.querySelector('#inputTextareaEval1') && (!event || (event &&","                    event.currentTarget &&","                    event.currentTarget.className &&","                    event.currentTarget.className.includes &&","                    event.currentTarget.className.includes('oneval')))) {","                // try to eval input-code","                try {","                    /*jslint evil: true*/","                    eval(document.querySelector('#inputTextareaEval1').value);","                } catch (errorCaught) {","                    console.error(errorCaught);","                }","            }","        };","        // log stderr and stdout to #outputTextareaStdout1","        ['error', 'log'].forEach(function (key) {","            console[key + '_original'] = console[key];","            console[key] = function () {","                var element;","                console[key + '_original'].apply(console, arguments);","                element = document.querySelector('#outputTextareaStdout1');","                if (!element) {","                    return;","                }","                // append text to #outputTextareaStdout1","                element.value += Array.from(arguments).map(function (arg) {","                    return typeof arg === 'string'","                        ? arg","                        : JSON.stringify(arg, null, 4);","                }).join(' ') + '\\n';","                // scroll textarea to bottom","                element.scrollTop = element.scrollHeight;","            };","        });","        // init event-handling","        ['change', 'click', 'keyup'].forEach(function (event) {","            Array.from(document.querySelectorAll('.on' + event)).forEach(function (element) {","                element.addEventListener(event, local.testRunBrowser);","            });","        });","        // run tests","        local.testRunBrowser();","        break;","","","","    // run node js-env code - post-init","    /* istanbul ignore next */","    case 'node':","        // export local","        module.exports = local;","        // require modules","        local.fs = require('fs');","        local.http = require('http');","        local.url = require('url');","        // init assets","        local.assetsDict = local.assetsDict || {};","        /* jslint-ignore-begin */","        local.assetsDict['/assets.index.template.html'] = '\\","<!doctype html>\\n\\","<html lang=\"en\">\\n\\","<head>\\n\\","<meta charset=\"UTF-8\">\\n\\","<meta name=\"viewport\" content=\"width=device-width, initial-scale=1\">\\n\\","<title>{{env.npm_package_name}} (v{{env.npm_package_version}})</title>\\n\\","<style>\\n\\","/*csslint\\n\\","    box-sizing: false,\\n\\","    universal-selector: false\\n\\","*/\\n\\","* {\\n\\","    box-sizing: border-box;\\n\\","}\\n\\","body {\\n\\","    background: #dde;\\n\\","    font-family: Arial, Helvetica, sans-serif;\\n\\","    margin: 2rem;\\n\\","}\\n\\","body > * {\\n\\","    margin-bottom: 1rem;\\n\\","}\\n\\",".utility2FooterDiv {\\n\\","    margin-top: 20px;\\n\\","    text-align: center;\\n\\","}\\n\\","</style>\\n\\","<style>\\n\\","/*csslint\\n\\","*/\\n\\","textarea {\\n\\","    font-family: monospace;\\n\\","    height: 10rem;\\n\\","    width: 100%;\\n\\","}\\n\\","textarea[readonly] {\\n\\","    background: #ddd;\\n\\","}\\n\\","</style>\\n\\","</head>\\n\\","<body>\\n\\","<!-- utility2-comment\\n\\","<div id=\"ajaxProgressDiv1\" style=\"background: #d00; height: 2px; left: 0; margin: 0; padding: 0; position: fixed; top: 0; transition: background 0.5s, width 1.5s; width: 25%;\"></div>\\n\\","utility2-comment -->\\n\\","<h1>\\n\\","<!-- utility2-comment\\n\\","    <a\\n\\","        {{#if env.npm_package_homepage}}\\n\\","        href=\"{{env.npm_package_homepage}}\"\\n\\","        {{/if env.npm_package_homepage}}\\n\\","        target=\"_blank\"\\n\\","    >\\n\\","utility2-comment -->\\n\\","        {{env.npm_package_name}} (v{{env.npm_package_version}})\\n\\","<!-- utility2-comment\\n\\","    </a>\\n\\","utility2-comment -->\\n\\","</h1>\\n\\","<h3>{{env.npm_package_description}}</h3>\\n\\","<!-- utility2-comment\\n\\","<h4><a download href=\"assets.app.js\">download standalone app</a></h4>\\n\\","<button class=\"onclick onreset\" id=\"testRunButton1\">run internal test</button><br>\\n\\","<div id=\"testReportDiv1\" style=\"display: none;\"></div>\\n\\","utility2-comment -->\\n\\","\\n\\","\\n\\","\\n\\","<label>stderr and stdout</label>\\n\\","<textarea class=\"resettable\" id=\"outputTextareaStdout1\" readonly></textarea>\\n\\","<!-- utility2-comment\\n\\","{{#if isRollup}}\\n\\","<script src=\"assets.app.js\"></script>\\n\\","{{#unless isRollup}}\\n\\","utility2-comment -->\\n\\","<script src=\"assets.utility2.rollup.js\"></script>\\n\\","<script src=\"jsonp.utility2._stateInit?callback=window.utility2._stateInit\"></script>\\n\\","<script src=\"assets.npmtest_babyparse.rollup.js\"></script>\\n\\","<script src=\"assets.example.js\"></script>\\n\\","<script src=\"assets.test.js\"></script>\\n\\","<!-- utility2-comment\\n\\","{{/if isRollup}}\\n\\","utility2-comment -->\\n\\","<div class=\"utility2FooterDiv\">\\n\\","    [ this app was created with\\n\\","    <a href=\"https://github.com/kaizhu256/node-utility2\" target=\"_blank\">utility2</a>\\n\\","    ]\\n\\","</div>\\n\\","</body>\\n\\","</html>\\n\\","';","        /* jslint-ignore-end */","        if (local.templateRender) {","            local.assetsDict['/'] = local.templateRender(","                local.assetsDict['/assets.index.template.html'],","                {","                    env: local.objectSetDefault(local.env, {","                        npm_package_description: 'the greatest app in the world!',","                        npm_package_name: 'my-app',","                        npm_package_nameAlias: 'my_app',","                        npm_package_version: '0.0.1'","                    })","                }","            );","        } else {","            local.assetsDict['/'] = local.assetsDict['/assets.index.template.html']","                .replace((/\\{\\{env\\.(\\w+?)\\}\\}/g), function (match0, match1) {","                    // jslint-hack","                    String(match0);","                    switch (match1) {","                    case 'npm_package_description':","                        return 'the greatest app in the world!';","                    case 'npm_package_name':","                        return 'my-app';","                    case 'npm_package_nameAlias':","                        return 'my_app';","                    case 'npm_package_version':","                        return '0.0.1';","                    }","                });","        }","        // run the cli","        if (local.global.utility2_rollup || module !== require.main) {","            break;","        }","        local.assetsDict['/assets.example.js'] =","            local.assetsDict['/assets.example.js'] ||","            local.fs.readFileSync(__filename, 'utf8');","        local.assetsDict['/assets.npmtest_babyparse.rollup.js'] =","            local.assetsDict['/assets.npmtest_babyparse.rollup.js'] ||","            local.fs.readFileSync(","                // buildCustomOrg-hack","                local.npmtest_babyparse.__dirname +","                    '/lib.npmtest_babyparse.js',","                'utf8'","            ).replace((/^#!/), '//');","        local.assetsDict['/favicon.ico'] = local.assetsDict['/favicon.ico'] || '';","        // if $npm_config_timeout_exit exists,","        // then exit this process after $npm_config_timeout_exit ms","        if (Number(process.env.npm_config_timeout_exit)) {","            setTimeout(process.exit, Number(process.env.npm_config_timeout_exit));","        }","        // start server","        if (local.global.utility2_serverHttp1) {","            break;","        }","        process.env.PORT = process.env.PORT || '8081';","        console.error('server starting on port ' + process.env.PORT);","        local.http.createServer(function (request, response) {","            request.urlParsed = local.url.parse(request.url);","            if (local.assetsDict[request.urlParsed.pathname] !== undefined) {","                response.end(local.assetsDict[request.urlParsed.pathname]);","                return;","            }","            response.statusCode = 404;","            response.end();","        }).listen(process.env.PORT);","        break;","    }","}());",""],"l":{"26":2,"28":2,"33":2,"35":2,"37":2,"38":2,"39":2,"44":1,"51":2,"55":2,"59":2,"61":2,"69":1,"70":2,"76":2,"79":2,"82":2,"83":2,"85":1,"89":2,"92":1,"93":1,"94":1,"96":1,"97":1,"100":1,"101":1,"103":1,"106":1,"108":2,"114":1,"116":1,"118":1,"123":1,"124":2,"125":2,"126":3,"127":3,"128":3,"129":3,"130":1,"133":3,"134":3,"139":3,"143":1,"144":3,"145":1,"149":1,"150":1,"158":1,"160":1,"161":1,"162":1,"164":1,"166":1,"258":1,"259":1,"271":1,"274":6,"275":6,"277":1,"279":2,"281":1,"283":2,"288":1,"289":1,"291":1,"294":1,"302":1,"305":1,"306":1,"309":1,"310":1,"312":1,"313":1,"314":1,"315":1,"316":1,"317":1,"318":1,"320":1,"321":1,"323":1}},"/home/travis/build/npmtest/node-npmtest-babyparse/node_modules/babyparse/babyparse.js":{"path":"/home/travis/build/npmtest/node-npmtest-babyparse/node_modules/babyparse/babyparse.js","s":{"1":1,"2":1,"3":1,"4":1,"5":1,"6":1,"7":1,"8":1,"9":1,"10":1,"11":1,"12":1,"13":1,"14":1,"15":1,"16":0,"17":0,"18":0,"19":0,"20":0,"21":0,"22":0,"23":0,"24":0,"25":0,"26":0,"27":0,"28":0,"29":0,"30":0,"31":0,"32":1,"33":0,"34":0,"35":0,"36":0,"37":1,"38":0,"39":0,"40":0,"41":0,"42":0,"43":0,"44":0,"45":0,"46":0,"47":0,"48":0,"49":0,"50":0,"51":0,"52":0,"53":0,"54":0,"55":0,"56":0,"57":0,"58":0,"59":0,"60":0,"61":1,"62":0,"63":0,"64":0,"65":0,"66":0,"67":0,"68":0,"69":0,"70":1,"71":0,"72":0,"73":0,"74":0,"75":0,"76":0,"77":1,"78":0,"79":0,"80":0,"81":0,"82":0,"83":0,"84":0,"85":0,"86":0,"87":0,"88":0,"89":0,"90":0,"91":0,"92":0,"93":0,"94":0,"95":0,"96":0,"97":0,"98":0,"99":0,"100":0,"101":0,"102":1,"103":0,"104":0,"105":0,"106":0,"107":0,"108":1,"109":0,"110":0,"111":0,"112":0,"113":1,"114":0,"115":0,"116":0,"117":0,"118":0,"119":0,"120":0,"121":0,"122":0,"123":0,"124":0,"125":0,"126":0,"127":0,"128":0,"129":0,"130":0,"131":0,"132":0,"133":0,"134":0,"135":0,"136":0,"137":0,"138":0,"139":0,"140":0,"141":0,"142":0,"143":0,"144":0,"145":0,"146":0,"147":0,"148":0,"149":0,"150":0,"151":0,"152":0,"153":0,"154":0,"155":0,"156":0,"157":0,"158":0,"159":0,"160":0,"161":0,"162":0,"163":0,"164":0,"165":0,"166":0,"167":0,"168":0,"169":0,"170":0,"171":0,"172":0,"173":0,"174":0,"175":1,"176":0,"177":0,"178":0,"179":0,"180":0,"181":0,"182":0,"183":0,"184":0,"185":0,"186":1,"187":0,"188":1,"189":0,"190":0,"191":0,"192":0,"193":0,"194":0,"195":1,"196":0,"197":0,"198":0,"199":0,"200":0,"201":0,"202":0,"203":0,"204":0,"205":0,"206":0,"207":0,"208":0,"209":0,"210":0,"211":0,"212":0,"213":0,"214":0,"215":0,"216":0,"217":0,"218":0,"219":0,"220":0,"221":0,"222":0,"223":1,"224":0,"225":0,"226":0,"227":0,"228":0,"229":0,"230":0,"231":0,"232":0,"233":0,"234":0,"235":0,"236":0,"237":0,"238":0,"239":0,"240":0,"241":0,"242":0,"243":0,"244":0,"245":0,"246":1,"247":0,"248":0,"249":0,"250":0,"251":0,"252":0,"253":0,"254":0,"255":0,"256":1,"257":0,"258":0,"259":1,"260":0,"261":1,"262":0,"263":0,"264":0,"265":0,"266":0,"267":0,"268":0,"269":0,"270":0,"271":0,"272":0,"273":0,"274":0,"275":0,"276":0,"277":0,"278":0,"279":0,"280":0,"281":0,"282":0,"283":0,"284":0,"285":0,"286":0,"287":0,"288":0,"289":0,"290":0,"291":0,"292":0,"293":0,"294":0,"295":0,"296":0,"297":0,"298":0,"299":0,"300":0,"301":0,"302":0,"303":0,"304":0,"305":0,"306":0,"307":0,"308":0,"309":0,"310":0,"311":0,"312":0,"313":0,"314":0,"315":0,"316":0,"317":0,"318":0,"319":0,"320":0,"321":0,"322":0,"323":0,"324":0,"325":0,"326":0,"327":0,"328":0,"329":0,"330":0,"331":0,"332":0,"333":0,"334":0,"335":0,"336":0,"337":0,"338":0,"339":0,"340":0,"341":0,"342":0,"343":0,"344":0,"345":0,"346":0,"347":0,"348":0,"349":0,"350":0,"351":0,"352":0,"353":0,"354":0,"355":0,"356":0,"357":0,"358":0,"359":0,"360":0,"361":0,"362":0,"363":0,"364":0,"365":0,"366":0,"367":1,"368":0,"369":0,"370":0,"371":0,"372":0,"373":0,"374":1,"375":0,"376":0,"377":0,"378":0,"379":1,"380":0,"381":1,"382":0,"383":0,"384":0,"385":0,"386":0,"387":0,"388":1,"389":0,"390":0,"391":0,"392":0,"393":0,"394":0,"395":0,"396":0,"397":0,"398":0,"399":0,"400":0,"401":0,"402":0,"403":0,"404":0,"405":0,"406":0,"407":0,"408":0,"409":0,"410":0,"411":1,"412":0,"413":0,"414":0,"415":0,"416":0,"417":0,"418":1,"419":0,"420":1,"421":1,"422":0,"423":0,"424":0,"425":0},"b":{"1":[1,1],"2":[0,0],"3":[0,0],"4":[0,0],"5":[0,0],"6":[0,0],"7":[0,0],"8":[0,0],"9":[0,0],"10":[0,0],"11":[0,0],"12":[0,0],"13":[0,0],"14":[0,0],"15":[0,0],"16":[0,0],"17":[0,0],"18":[0,0],"19":[0,0],"20":[0,0],"21":[0,0,0],"22":[0,0],"23":[0,0],"24":[0,0],"25":[0,0],"26":[0,0],"27":[0,0],"28":[0,0],"29":[0,0],"30":[0,0],"31":[0,0],"32":[0,0],"33":[0,0],"34":[0,0],"35":[0,0],"36":[0,0],"37":[0,0],"38":[0,0],"39":[0,0,0,0,0,0,0,0],"40":[0,0],"41":[0,0],"42":[0,0],"43":[0,0],"44":[0,0],"45":[0,0],"46":[0,0],"47":[0,0],"48":[0,0],"49":[0,0],"50":[0,0],"51":[0,0],"52":[0,0],"53":[0,0,0,0],"54":[0,0],"55":[0,0],"56":[0,0],"57":[0,0],"58":[0,0],"59":[0,0],"60":[0,0],"61":[0,0],"62":[0,0],"63":[0,0],"64":[0,0],"65":[0,0],"66":[0,0],"67":[0,0],"68":[0,0],"69":[0,0],"70":[0,0],"71":[0,0,0],"72":[0,0],"73":[0,0],"74":[0,0],"75":[0,0],"76":[0,0],"77":[0,0],"78":[0,0],"79":[0,0],"80":[0,0],"81":[0,0],"82":[0,0],"83":[0,0],"84":[0,0],"85":[0,0],"86":[0,0],"87":[0,0],"88":[0,0,0],"89":[0,0],"90":[0,0],"91":[0,0],"92":[0,0],"93":[0,0],"94":[0,0],"95":[0,0,0],"96":[0,0],"97":[0,0],"98":[0,0],"99":[0,0],"100":[0,0],"101":[0,0,0],"102":[0,0],"103":[0,0],"104":[0,0],"105":[0,0],"106":[0,0],"107":[0,0],"108":[0,0],"109":[0,0],"110":[0,0],"111":[0,0],"112":[0,0],"113":[0,0],"114":[0,0],"115":[0,0],"116":[0,0],"117":[0,0],"118":[0,0],"119":[0,0],"120":[0,0],"121":[0,0],"122":[0,0],"123":[0,0,0],"124":[0,0],"125":[0,0],"126":[0,0,0],"127":[0,0],"128":[0,0],"129":[0,0],"130":[0,0],"131":[0,0],"132":[0,0],"133":[0,0],"134":[0,0],"135":[0,0,0],"136":[0,0],"137":[0,0,0],"138":[0,0],"139":[0,0],"140":[0,0],"141":[0,0],"142":[0,0],"143":[0,0],"144":[0,0],"145":[0,0],"146":[0,0],"147":[1,0],"148":[1,1],"149":[0,0],"150":[0,0],"151":[0,1]},"f":{"1":1,"2":0,"3":0,"4":0,"5":0,"6":0,"7":0,"8":0,"9":0,"10":0,"11":0,"12":0,"13":0,"14":0,"15":0,"16":0,"17":0,"18":0,"19":0,"20":0,"21":0,"22":0,"23":0,"24":0,"25":0,"26":0,"27":0,"28":0,"29":0,"30":0,"31":0,"32":0,"33":0,"34":0,"35":0,"36":0},"fnMap":{"1":{"name":"(anonymous_1)","line":12,"loc":{"start":{"line":12,"column":1},"end":{"line":13,"column":0}}},"2":{"name":"ParseFiles","line":43,"loc":{"start":{"line":43,"column":1},"end":{"line":44,"column":1}}},"3":{"name":"(anonymous_3)","line":47,"loc":{"start":{"line":47,"column":18},"end":{"line":47,"column":34}}},"4":{"name":"CsvToJson","line":79,"loc":{"start":{"line":79,"column":1},"end":{"line":80,"column":1}}},"5":{"name":"JsonToCsv","line":90,"loc":{"start":{"line":90,"column":1},"end":{"line":91,"column":1}}},"6":{"name":"unpackConfig","line":135,"loc":{"start":{"line":135,"column":2},"end":{"line":136,"column":2}}},"7":{"name":"objectKeys","line":157,"loc":{"start":{"line":157,"column":2},"end":{"line":158,"column":2}}},"8":{"name":"serialize","line":168,"loc":{"start":{"line":168,"column":2},"end":{"line":169,"column":2}}},"9":{"name":"safe","line":214,"loc":{"start":{"line":214,"column":2},"end":{"line":215,"column":2}}},"10":{"name":"hasAny","line":231,"loc":{"start":{"line":231,"column":2},"end":{"line":232,"column":2}}},"11":{"name":"ParserHandle","line":246,"loc":{"start":{"line":246,"column":1},"end":{"line":247,"column":1}}},"12":{"name":"(anonymous_12)","line":267,"loc":{"start":{"line":267,"column":18},"end":{"line":268,"column":3}}},"13":{"name":"(anonymous_13)","line":290,"loc":{"start":{"line":290,"column":15},"end":{"line":291,"column":2}}},"14":{"name":"(anonymous_14)","line":322,"loc":{"start":{"line":322,"column":15},"end":{"line":323,"column":2}}},"15":{"name":"(anonymous_15)","line":329,"loc":{"start":{"line":329,"column":16},"end":{"line":330,"column":2}}},"16":{"name":"(anonymous_16)","line":343,"loc":{"start":{"line":343,"column":15},"end":{"line":344,"column":2}}},"17":{"name":"processResults","line":351,"loc":{"start":{"line":351,"column":2},"end":{"line":352,"column":2}}},"18":{"name":"needsHeaderRow","line":372,"loc":{"start":{"line":372,"column":2},"end":{"line":373,"column":2}}},"19":{"name":"fillHeaderFields","line":377,"loc":{"start":{"line":377,"column":2},"end":{"line":378,"column":2}}},"20":{"name":"applyHeaderAndDynamicTyping","line":387,"loc":{"start":{"line":387,"column":2},"end":{"line":388,"column":2}}},"21":{"name":"guessDelimiter","line":437,"loc":{"start":{"line":437,"column":2},"end":{"line":438,"column":2}}},"22":{"name":"guessLineEndings","line":488,"loc":{"start":{"line":488,"column":2},"end":{"line":489,"column":2}}},"23":{"name":"tryParseFloat","line":507,"loc":{"start":{"line":507,"column":2},"end":{"line":508,"column":2}}},"24":{"name":"addError","line":513,"loc":{"start":{"line":513,"column":2},"end":{"line":514,"column":2}}},"25":{"name":"Parser","line":530,"loc":{"start":{"line":530,"column":1},"end":{"line":531,"column":1}}},"26":{"name":"(anonymous_26)","line":564,"loc":{"start":{"line":564,"column":15},"end":{"line":565,"column":2}}},"27":{"name":"finish","line":743,"loc":{"start":{"line":743,"column":3},"end":{"line":744,"column":3}}},"28":{"name":"saveRow","line":757,"loc":{"start":{"line":757,"column":3},"end":{"line":758,"column":3}}},"29":{"name":"returnable","line":766,"loc":{"start":{"line":766,"column":3},"end":{"line":767,"column":3}}},"30":{"name":"doStep","line":781,"loc":{"start":{"line":781,"column":3},"end":{"line":782,"column":3}}},"31":{"name":"(anonymous_31)","line":789,"loc":{"start":{"line":789,"column":15},"end":{"line":790,"column":2}}},"32":{"name":"(anonymous_32)","line":795,"loc":{"start":{"line":795,"column":22},"end":{"line":796,"column":2}}},"33":{"name":"copyAndValidateConfig","line":805,"loc":{"start":{"line":805,"column":1},"end":{"line":806,"column":1}}},"34":{"name":"copy","line":846,"loc":{"start":{"line":846,"column":1},"end":{"line":847,"column":1}}},"35":{"name":"isFunction","line":856,"loc":{"start":{"line":856,"column":1},"end":{"line":857,"column":1}}},"36":{"name":"(anonymous_36)","line":873,"loc":{"start":{"line":873,"column":10},"end":{"line":873,"column":22}}}},"statementMap":{"1":{"start":{"line":12,"column":0},"end":{"line":881,"column":50}},"2":{"start":{"line":16,"column":1},"end":{"line":27,"column":3}},"3":{"start":{"line":29,"column":1},"end":{"line":29,"column":15}},"4":{"start":{"line":30,"column":1},"end":{"line":30,"column":24}},"5":{"start":{"line":31,"column":1},"end":{"line":31,"column":30}},"6":{"start":{"line":32,"column":1},"end":{"line":32,"column":26}},"7":{"start":{"line":33,"column":1},"end":{"line":33,"column":43}},"8":{"start":{"line":34,"column":1},"end":{"line":34,"column":41}},"9":{"start":{"line":35,"column":1},"end":{"line":35,"column":33}},"10":{"start":{"line":36,"column":1},"end":{"line":36,"column":64}},"11":{"start":{"line":37,"column":1},"end":{"line":37,"column":29}},"12":{"start":{"line":38,"column":1},"end":{"line":38,"column":22}},"13":{"start":{"line":39,"column":1},"end":{"line":39,"column":34}},"14":{"start":{"line":41,"column":1},"end":{"line":41,"column":29}},"15":{"start":{"line":43,"column":1},"end":{"line":77,"column":2}},"16":{"start":{"line":45,"column":2},"end":{"line":76,"column":3}},"17":{"start":{"line":46,"column":3},"end":{"line":46,"column":20}},"18":{"start":{"line":47,"column":3},"end":{"line":52,"column":6}},"19":{"start":{"line":48,"column":4},"end":{"line":51,"column":46}},"20":{"start":{"line":49,"column":5},"end":{"line":49,"column":56}},"21":{"start":{"line":51,"column":5},"end":{"line":51,"column":46}},"22":{"start":{"line":53,"column":3},"end":{"line":53,"column":18}},"23":{"start":{"line":55,"column":3},"end":{"line":58,"column":5}},"24":{"start":{"line":59,"column":3},"end":{"line":75,"column":4}},"25":{"start":{"line":60,"column":4},"end":{"line":66,"column":5}},"26":{"start":{"line":61,"column":5},"end":{"line":61,"column":55}},"27":{"start":{"line":62,"column":5},"end":{"line":62,"column":41}},"28":{"start":{"line":64,"column":5},"end":{"line":64,"column":30}},"29":{"start":{"line":65,"column":5},"end":{"line":65,"column":20}},"30":{"start":{"line":68,"column":4},"end":{"line":73,"column":7}},"31":{"start":{"line":74,"column":4},"end":{"line":74,"column":19}},"32":{"start":{"line":79,"column":1},"end":{"line":85,"column":2}},"33":{"start":{"line":81,"column":2},"end":{"line":81,"column":46}},"34":{"start":{"line":82,"column":2},"end":{"line":82,"column":36}},"35":{"start":{"line":83,"column":2},"end":{"line":83,"column":33}},"36":{"start":{"line":84,"column":2},"end":{"line":84,"column":17}},"37":{"start":{"line":90,"column":1},"end":{"line":238,"column":2}},"38":{"start":{"line":92,"column":2},"end":{"line":92,"column":19}},"39":{"start":{"line":93,"column":2},"end":{"line":93,"column":19}},"40":{"start":{"line":96,"column":2},"end":{"line":96,"column":22}},"41":{"start":{"line":97,"column":2},"end":{"line":97,"column":23}},"42":{"start":{"line":98,"column":2},"end":{"line":98,"column":24}},"43":{"start":{"line":100,"column":2},"end":{"line":100,"column":17}},"44":{"start":{"line":102,"column":2},"end":{"line":103,"column":31}},"45":{"start":{"line":103,"column":3},"end":{"line":103,"column":31}},"46":{"start":{"line":105,"column":2},"end":{"line":129,"column":3}},"47":{"start":{"line":107,"column":3},"end":{"line":110,"column":52}},"48":{"start":{"line":108,"column":4},"end":{"line":108,"column":35}},"49":{"start":{"line":109,"column":8},"end":{"line":110,"column":52}},"50":{"start":{"line":110,"column":4},"end":{"line":110,"column":52}},"51":{"start":{"line":112,"column":7},"end":{"line":129,"column":3}},"52":{"start":{"line":114,"column":3},"end":{"line":115,"column":42}},"53":{"start":{"line":115,"column":4},"end":{"line":115,"column":42}},"54":{"start":{"line":117,"column":3},"end":{"line":126,"column":4}},"55":{"start":{"line":119,"column":4},"end":{"line":122,"column":38}},"56":{"start":{"line":120,"column":5},"end":{"line":122,"column":38}},"57":{"start":{"line":124,"column":4},"end":{"line":125,"column":33}},"58":{"start":{"line":125,"column":5},"end":{"line":125,"column":33}},"59":{"start":{"line":128,"column":3},"end":{"line":128,"column":60}},"60":{"start":{"line":132,"column":2},"end":{"line":132,"column":60}},"61":{"start":{"line":135,"column":2},"end":{"line":153,"column":3}},"62":{"start":{"line":137,"column":3},"end":{"line":138,"column":11}},"63":{"start":{"line":138,"column":4},"end":{"line":138,"column":11}},"64":{"start":{"line":140,"column":3},"end":{"line":145,"column":4}},"65":{"start":{"line":144,"column":4},"end":{"line":144,"column":35}},"66":{"start":{"line":147,"column":3},"end":{"line":149,"column":29}},"67":{"start":{"line":149,"column":4},"end":{"line":149,"column":29}},"68":{"start":{"line":151,"column":3},"end":{"line":152,"column":31}},"69":{"start":{"line":152,"column":4},"end":{"line":152,"column":31}},"70":{"start":{"line":157,"column":2},"end":{"line":165,"column":3}},"71":{"start":{"line":159,"column":3},"end":{"line":160,"column":14}},"72":{"start":{"line":160,"column":4},"end":{"line":160,"column":14}},"73":{"start":{"line":161,"column":3},"end":{"line":161,"column":17}},"74":{"start":{"line":162,"column":3},"end":{"line":163,"column":19}},"75":{"start":{"line":163,"column":4},"end":{"line":163,"column":19}},"76":{"start":{"line":164,"column":3},"end":{"line":164,"column":15}},"77":{"start":{"line":168,"column":2},"end":{"line":211,"column":3}},"78":{"start":{"line":170,"column":3},"end":{"line":170,"column":16}},"79":{"start":{"line":172,"column":3},"end":{"line":173,"column":32}},"80":{"start":{"line":173,"column":4},"end":{"line":173,"column":32}},"81":{"start":{"line":174,"column":3},"end":{"line":175,"column":28}},"82":{"start":{"line":175,"column":4},"end":{"line":175,"column":28}},"83":{"start":{"line":177,"column":3},"end":{"line":177,"column":64}},"84":{"start":{"line":178,"column":3},"end":{"line":178,"column":54}},"85":{"start":{"line":181,"column":3},"end":{"line":191,"column":4}},"86":{"start":{"line":183,"column":4},"end":{"line":188,"column":5}},"87":{"start":{"line":185,"column":5},"end":{"line":186,"column":24}},"88":{"start":{"line":186,"column":6},"end":{"line":186,"column":24}},"89":{"start":{"line":187,"column":5},"end":{"line":187,"column":31}},"90":{"start":{"line":189,"column":4},"end":{"line":190,"column":21}},"91":{"start":{"line":190,"column":5},"end":{"line":190,"column":21}},"92":{"start":{"line":194,"column":3},"end":{"line":208,"column":4}},"93":{"start":{"line":196,"column":4},"end":{"line":196,"column":62}},"94":{"start":{"line":198,"column":4},"end":{"line":204,"column":5}},"95":{"start":{"line":200,"column":5},"end":{"line":201,"column":24}},"96":{"start":{"line":201,"column":6},"end":{"line":201,"column":24}},"97":{"start":{"line":202,"column":5},"end":{"line":202,"column":68}},"98":{"start":{"line":203,"column":5},"end":{"line":203,"column":41}},"99":{"start":{"line":206,"column":4},"end":{"line":207,"column":21}},"100":{"start":{"line":207,"column":5},"end":{"line":207,"column":21}},"101":{"start":{"line":210,"column":3},"end":{"line":210,"column":14}},"102":{"start":{"line":214,"column":2},"end":{"line":229,"column":3}},"103":{"start":{"line":216,"column":3},"end":{"line":217,"column":14}},"104":{"start":{"line":217,"column":4},"end":{"line":217,"column":14}},"105":{"start":{"line":219,"column":3},"end":{"line":219,"column":44}},"106":{"start":{"line":221,"column":3},"end":{"line":226,"column":44}},"107":{"start":{"line":228,"column":3},"end":{"line":228,"column":46}},"108":{"start":{"line":231,"column":2},"end":{"line":237,"column":3}},"109":{"start":{"line":233,"column":3},"end":{"line":235,"column":17}},"110":{"start":{"line":234,"column":4},"end":{"line":235,"column":17}},"111":{"start":{"line":235,"column":5},"end":{"line":235,"column":17}},"112":{"start":{"line":236,"column":3},"end":{"line":236,"column":16}},"113":{"start":{"line":246,"column":1},"end":{"line":522,"column":2}},"114":{"start":{"line":249,"column":2},"end":{"line":249,"column":61}},"115":{"start":{"line":251,"column":2},"end":{"line":251,"column":18}},"116":{"start":{"line":252,"column":2},"end":{"line":252,"column":23}},"117":{"start":{"line":253,"column":2},"end":{"line":253,"column":13}},"118":{"start":{"line":254,"column":2},"end":{"line":254,"column":14}},"119":{"start":{"line":255,"column":2},"end":{"line":255,"column":22}},"120":{"start":{"line":256,"column":2},"end":{"line":256,"column":22}},"121":{"start":{"line":257,"column":2},"end":{"line":257,"column":19}},"122":{"start":{"line":258,"column":2},"end":{"line":262,"column":4}},"123":{"start":{"line":264,"column":2},"end":{"line":288,"column":3}},"124":{"start":{"line":266,"column":3},"end":{"line":266,"column":31}},"125":{"start":{"line":267,"column":3},"end":{"line":287,"column":5}},"126":{"start":{"line":269,"column":4},"end":{"line":269,"column":23}},"127":{"start":{"line":271,"column":4},"end":{"line":286,"column":5}},"128":{"start":{"line":272,"column":5},"end":{"line":272,"column":22}},"129":{"start":{"line":275,"column":5},"end":{"line":275,"column":22}},"130":{"start":{"line":278,"column":5},"end":{"line":279,"column":13}},"131":{"start":{"line":279,"column":6},"end":{"line":279,"column":13}},"132":{"start":{"line":281,"column":5},"end":{"line":281,"column":41}},"133":{"start":{"line":282,"column":5},"end":{"line":285,"column":31}},"134":{"start":{"line":283,"column":6},"end":{"line":283,"column":22}},"135":{"start":{"line":285,"column":6},"end":{"line":285,"column":31}},"136":{"start":{"line":290,"column":2},"end":{"line":320,"column":4}},"137":{"start":{"line":292,"column":3},"end":{"line":293,"column":46}},"138":{"start":{"line":293,"column":4},"end":{"line":293,"column":46}},"139":{"start":{"line":295,"column":3},"end":{"line":295,"column":27}},"140":{"start":{"line":296,"column":3},"end":{"line":307,"column":4}},"141":{"start":{"line":298,"column":4},"end":{"line":298,"column":43}},"142":{"start":{"line":299,"column":4},"end":{"line":305,"column":5}},"143":{"start":{"line":300,"column":5},"end":{"line":300,"column":50}},"144":{"start":{"line":303,"column":5},"end":{"line":303,"column":28}},"145":{"start":{"line":304,"column":5},"end":{"line":304,"column":47}},"146":{"start":{"line":306,"column":4},"end":{"line":306,"column":48}},"147":{"start":{"line":309,"column":3},"end":{"line":309,"column":36}},"148":{"start":{"line":310,"column":3},"end":{"line":311,"column":27}},"149":{"start":{"line":311,"column":4},"end":{"line":311,"column":27}},"150":{"start":{"line":313,"column":3},"end":{"line":313,"column":18}},"151":{"start":{"line":314,"column":3},"end":{"line":314,"column":38}},"152":{"start":{"line":315,"column":3},"end":{"line":315,"column":36}},"153":{"start":{"line":316,"column":3},"end":{"line":316,"column":20}},"154":{"start":{"line":317,"column":3},"end":{"line":318,"column":31}},"155":{"start":{"line":318,"column":4},"end":{"line":318,"column":31}},"156":{"start":{"line":319,"column":3},"end":{"line":319,"column":91}},"157":{"start":{"line":322,"column":2},"end":{"line":327,"column":4}},"158":{"start":{"line":324,"column":3},"end":{"line":324,"column":18}},"159":{"start":{"line":325,"column":3},"end":{"line":325,"column":19}},"160":{"start":{"line":326,"column":3},"end":{"line":326,"column":50}},"161":{"start":{"line":329,"column":2},"end":{"line":341,"column":4}},"162":{"start":{"line":331,"column":3},"end":{"line":331,"column":19}},"163":{"start":{"line":332,"column":3},"end":{"line":332,"column":33}},"164":{"start":{"line":333,"column":3},"end":{"line":333,"column":25}},"165":{"start":{"line":334,"column":3},"end":{"line":340,"column":4}},"166":{"start":{"line":336,"column":4},"end":{"line":339,"column":32}},"167":{"start":{"line":337,"column":5},"end":{"line":337,"column":28}},"168":{"start":{"line":338,"column":9},"end":{"line":339,"column":32}},"169":{"start":{"line":339,"column":5},"end":{"line":339,"column":32}},"170":{"start":{"line":343,"column":2},"end":{"line":349,"column":4}},"171":{"start":{"line":345,"column":3},"end":{"line":345,"column":19}},"172":{"start":{"line":346,"column":3},"end":{"line":347,"column":31}},"173":{"start":{"line":347,"column":4},"end":{"line":347,"column":31}},"174":{"start":{"line":348,"column":3},"end":{"line":348,"column":15}},"175":{"start":{"line":351,"column":2},"end":{"line":370,"column":3}},"176":{"start":{"line":353,"column":3},"end":{"line":357,"column":4}},"177":{"start":{"line":355,"column":4},"end":{"line":355,"column":139}},"178":{"start":{"line":356,"column":4},"end":{"line":356,"column":28}},"179":{"start":{"line":359,"column":3},"end":{"line":364,"column":4}},"180":{"start":{"line":361,"column":4},"end":{"line":363,"column":35}},"181":{"start":{"line":362,"column":5},"end":{"line":363,"column":35}},"182":{"start":{"line":363,"column":6},"end":{"line":363,"column":35}},"183":{"start":{"line":366,"column":3},"end":{"line":367,"column":23}},"184":{"start":{"line":367,"column":4},"end":{"line":367,"column":23}},"185":{"start":{"line":369,"column":3},"end":{"line":369,"column":40}},"186":{"start":{"line":372,"column":2},"end":{"line":375,"column":3}},"187":{"start":{"line":374,"column":3},"end":{"line":374,"column":48}},"188":{"start":{"line":377,"column":2},"end":{"line":385,"column":3}},"189":{"start":{"line":379,"column":3},"end":{"line":380,"column":11}},"190":{"start":{"line":380,"column":4},"end":{"line":380,"column":11}},"191":{"start":{"line":381,"column":3},"end":{"line":383,"column":39}},"192":{"start":{"line":382,"column":4},"end":{"line":383,"column":39}},"193":{"start":{"line":383,"column":5},"end":{"line":383,"column":39}},"194":{"start":{"line":384,"column":3},"end":{"line":384,"column":30}},"195":{"start":{"line":387,"column":2},"end":{"line":435,"column":3}},"196":{"start":{"line":389,"column":3},"end":{"line":390,"column":20}},"197":{"start":{"line":390,"column":4},"end":{"line":390,"column":20}},"198":{"start":{"line":392,"column":3},"end":{"line":430,"column":4}},"199":{"start":{"line":394,"column":4},"end":{"line":394,"column":17}},"200":{"start":{"line":396,"column":4},"end":{"line":420,"column":5}},"201":{"start":{"line":398,"column":5},"end":{"line":407,"column":6}},"202":{"start":{"line":400,"column":6},"end":{"line":400,"column":38}},"203":{"start":{"line":401,"column":6},"end":{"line":406,"column":50}},"204":{"start":{"line":402,"column":7},"end":{"line":402,"column":34}},"205":{"start":{"line":403,"column":11},"end":{"line":406,"column":50}},"206":{"start":{"line":404,"column":7},"end":{"line":404,"column":35}},"207":{"start":{"line":406,"column":7},"end":{"line":406,"column":50}},"208":{"start":{"line":409,"column":5},"end":{"line":419,"column":6}},"209":{"start":{"line":411,"column":6},"end":{"line":418,"column":45}},"210":{"start":{"line":413,"column":7},"end":{"line":414,"column":35}},"211":{"start":{"line":414,"column":8},"end":{"line":414,"column":35}},"212":{"start":{"line":415,"column":7},"end":{"line":415,"column":55}},"213":{"start":{"line":418,"column":7},"end":{"line":418,"column":45}},"214":{"start":{"line":422,"column":4},"end":{"line":429,"column":5}},"215":{"start":{"line":424,"column":5},"end":{"line":424,"column":28}},"216":{"start":{"line":425,"column":5},"end":{"line":428,"column":125}},"217":{"start":{"line":426,"column":6},"end":{"line":426,"column":127}},"218":{"start":{"line":427,"column":10},"end":{"line":428,"column":125}},"219":{"start":{"line":428,"column":6},"end":{"line":428,"column":125}},"220":{"start":{"line":432,"column":3},"end":{"line":433,"column":35}},"221":{"start":{"line":433,"column":4},"end":{"line":433,"column":35}},"222":{"start":{"line":434,"column":3},"end":{"line":434,"column":19}},"223":{"start":{"line":437,"column":2},"end":{"line":486,"column":3}},"224":{"start":{"line":439,"column":3},"end":{"line":439,"column":76}},"225":{"start":{"line":440,"column":3},"end":{"line":440,"column":47}},"226":{"start":{"line":442,"column":3},"end":{"line":478,"column":4}},"227":{"start":{"line":444,"column":4},"end":{"line":444,"column":32}},"228":{"start":{"line":445,"column":4},"end":{"line":445,"column":37}},"229":{"start":{"line":446,"column":4},"end":{"line":446,"column":34}},"230":{"start":{"line":448,"column":4},"end":{"line":451,"column":20}},"231":{"start":{"line":453,"column":4},"end":{"line":468,"column":5}},"232":{"start":{"line":455,"column":5},"end":{"line":455,"column":45}},"233":{"start":{"line":456,"column":5},"end":{"line":456,"column":33}},"234":{"start":{"line":458,"column":5},"end":{"line":467,"column":6}},"235":{"start":{"line":460,"column":6},"end":{"line":460,"column":37}},"236":{"start":{"line":461,"column":6},"end":{"line":461,"column":15}},"237":{"start":{"line":463,"column":10},"end":{"line":467,"column":6}},"238":{"start":{"line":465,"column":6},"end":{"line":465,"column":56}},"239":{"start":{"line":466,"column":6},"end":{"line":466,"column":37}},"240":{"start":{"line":470,"column":4},"end":{"line":470,"column":41}},"241":{"start":{"line":472,"column":4},"end":{"line":477,"column":5}},"242":{"start":{"line":475,"column":5},"end":{"line":475,"column":23}},"243":{"start":{"line":476,"column":5},"end":{"line":476,"column":23}},"244":{"start":{"line":480,"column":3},"end":{"line":480,"column":33}},"245":{"start":{"line":482,"column":3},"end":{"line":485,"column":4}},"246":{"start":{"line":488,"column":2},"end":{"line":505,"column":3}},"247":{"start":{"line":490,"column":3},"end":{"line":490,"column":38}},"248":{"start":{"line":492,"column":3},"end":{"line":492,"column":29}},"249":{"start":{"line":494,"column":3},"end":{"line":495,"column":16}},"250":{"start":{"line":495,"column":4},"end":{"line":495,"column":16}},"251":{"start":{"line":497,"column":3},"end":{"line":497,"column":20}},"252":{"start":{"line":498,"column":3},"end":{"line":502,"column":4}},"253":{"start":{"line":500,"column":4},"end":{"line":501,"column":16}},"254":{"start":{"line":501,"column":5},"end":{"line":501,"column":16}},"255":{"start":{"line":504,"column":3},"end":{"line":504,"column":51}},"256":{"start":{"line":507,"column":2},"end":{"line":511,"column":3}},"257":{"start":{"line":509,"column":3},"end":{"line":509,"column":34}},"258":{"start":{"line":510,"column":3},"end":{"line":510,"column":43}},"259":{"start":{"line":513,"column":2},"end":{"line":521,"column":3}},"260":{"start":{"line":515,"column":3},"end":{"line":520,"column":6}},"261":{"start":{"line":530,"column":1},"end":{"line":799,"column":2}},"262":{"start":{"line":533,"column":2},"end":{"line":533,"column":24}},"263":{"start":{"line":534,"column":2},"end":{"line":534,"column":31}},"264":{"start":{"line":535,"column":2},"end":{"line":535,"column":31}},"265":{"start":{"line":536,"column":2},"end":{"line":536,"column":33}},"266":{"start":{"line":537,"column":2},"end":{"line":537,"column":25}},"267":{"start":{"line":538,"column":2},"end":{"line":538,"column":31}},"268":{"start":{"line":539,"column":2},"end":{"line":539,"column":33}},"269":{"start":{"line":542,"column":2},"end":{"line":545,"column":15}},"270":{"start":{"line":545,"column":3},"end":{"line":545,"column":15}},"271":{"start":{"line":548,"column":2},"end":{"line":554,"column":20}},"272":{"start":{"line":549,"column":3},"end":{"line":549,"column":47}},"273":{"start":{"line":550,"column":7},"end":{"line":554,"column":20}},"274":{"start":{"line":551,"column":3},"end":{"line":551,"column":18}},"275":{"start":{"line":552,"column":7},"end":{"line":554,"column":20}},"276":{"start":{"line":554,"column":3},"end":{"line":554,"column":20}},"277":{"start":{"line":557,"column":2},"end":{"line":558,"column":18}},"278":{"start":{"line":558,"column":3},"end":{"line":558,"column":18}},"279":{"start":{"line":561,"column":2},"end":{"line":561,"column":17}},"280":{"start":{"line":562,"column":2},"end":{"line":562,"column":22}},"281":{"start":{"line":564,"column":2},"end":{"line":786,"column":4}},"282":{"start":{"line":567,"column":3},"end":{"line":568,"column":35}},"283":{"start":{"line":568,"column":4},"end":{"line":568,"column":35}},"284":{"start":{"line":572,"column":3},"end":{"line":575,"column":34}},"285":{"start":{"line":576,"column":3},"end":{"line":576,"column":51}},"286":{"start":{"line":579,"column":3},"end":{"line":579,"column":14}},"287":{"start":{"line":580,"column":3},"end":{"line":580,"column":40}},"288":{"start":{"line":582,"column":3},"end":{"line":583,"column":24}},"289":{"start":{"line":583,"column":4},"end":{"line":583,"column":24}},"290":{"start":{"line":585,"column":3},"end":{"line":609,"column":4}},"291":{"start":{"line":588,"column":4},"end":{"line":588,"column":36}},"292":{"start":{"line":589,"column":4},"end":{"line":607,"column":5}},"293":{"start":{"line":591,"column":5},"end":{"line":592,"column":15}},"294":{"start":{"line"
[...]
serConfig = copy(_config);","\t\t\tif (_config.preview && _config.header)","\t\t\t\tparserConfig.preview++;\t// to compensate for header row","","\t\t\t_input = input;","\t\t\t_parser = new Parser(parserConfig);","\t\t\t_results = _parser.parse(_input);","\t\t\tprocessResults();","\t\t\tif (isFunction(_config.complete) && !_paused && (!self.streamer || self.streamer.finished()))","\t\t\t\t_config.complete(_results);","\t\t\treturn _paused ? { meta: { paused: true } } : (_results || { meta: { paused: false } });","\t\t};","","\t\tthis.pause = function()","\t\t{","\t\t\t_paused = true;","\t\t\t_parser.abort();","\t\t\t_input = _input.substr(_parser.getCharIndex());","\t\t};","","\t\tthis.resume = function()","\t\t{","\t\t\t_paused = false;","\t\t\t_parser = new Parser(_config);","\t\t\t_parser.parse(_input);","\t\t\tif (!_paused)","\t\t\t{","\t\t\t\tif (self.streamer && !self.streamer.finished())","\t\t\t\t\tself.streamer.resume();\t\t// more of the file yet to come","\t\t\t\telse if (isFunction(_config.complete))","\t\t\t\t\t_config.complete(_results);","\t\t\t}","\t\t};","","\t\tthis.abort = function()","\t\t{","\t\t\t_parser.abort();","\t\t\tif (isFunction(_config.complete))","\t\t\t\t_config.complete(_results);","\t\t\t_input = \"\";","\t\t};","","\t\tfunction processResults()","\t\t{","\t\t\tif (_results && _delimiterError)","\t\t\t{","\t\t\t\taddError(\"Delimiter\", \"UndetectableDelimiter\", \"Unable to auto-detect delimiting character; defaulted to '\"+Baby.DefaultDelimiter+\"'\");","\t\t\t\t_delimiterError = false;","\t\t\t}","","\t\t\tif (_config.skipEmptyLines)","\t\t\t{","\t\t\t\tfor (var i = 0; i < _results.data.length; i++)","\t\t\t\t\tif (_results.data[i].length == 1 && _results.data[i][0] == \"\")","\t\t\t\t\t\t_results.data.splice(i--, 1);","\t\t\t}","","\t\t\tif (needsHeaderRow())","\t\t\t\tfillHeaderFields();","","\t\t\treturn applyHeaderAndDynamicTyping();","\t\t}","","\t\tfunction needsHeaderRow()","\t\t{","\t\t\treturn _config.header && _fields.length == 0;","\t\t}","","\t\tfunction fillHeaderFields()","\t\t{","\t\t\tif (!_results)","\t\t\t\treturn;","\t\t\tfor (var i = 0; needsHeaderRow() && i < _results.data.length; i++)","\t\t\t\tfor (var j = 0; j < _results.data[i].length; j++)","\t\t\t\t\t_fields.push(_results.data[i][j]);","\t\t\t_results.data.splice(0, 1);","\t\t}","","\t\tfunction applyHeaderAndDynamicTyping()","\t\t{","\t\t\tif (!_results || (!_config.header && !_config.dynamicTyping))","\t\t\t\treturn _results;","","\t\t\tfor (var i = 0; i < _results.data.length; i++)","\t\t\t{","\t\t\t\tvar row = {};","","\t\t\t\tfor (var j = 0; j < _results.data[i].length; j++)","\t\t\t\t{","\t\t\t\t\tif (_config.dynamicTyping)","\t\t\t\t\t{","\t\t\t\t\t\tvar value = _results.data[i][j];","\t\t\t\t\t\tif (value == \"true\" || value === \"TRUE\")","\t\t\t\t\t\t\t_results.data[i][j] = true;","\t\t\t\t\t\telse if (value == \"false\" || value === \"FALSE\")","\t\t\t\t\t\t\t_results.data[i][j] = false;","\t\t\t\t\t\telse","\t\t\t\t\t\t\t_results.data[i][j] = tryParseFloat(value);","\t\t\t\t\t}","","\t\t\t\t\tif (_config.header)","\t\t\t\t\t{","\t\t\t\t\t\tif (j >= _fields.length)","\t\t\t\t\t\t{","\t\t\t\t\t\t\tif (!row[\"__parsed_extra\"])","\t\t\t\t\t\t\t\trow[\"__parsed_extra\"] = [];","\t\t\t\t\t\t\trow[\"__parsed_extra\"].push(_results.data[i][j]);","\t\t\t\t\t\t}","\t\t\t\t\t\telse","\t\t\t\t\t\t\trow[_fields[j]] = _results.data[i][j];","\t\t\t\t\t}","\t\t\t\t}","","\t\t\t\tif (_config.header)","\t\t\t\t{","\t\t\t\t\t_results.data[i] = row;","\t\t\t\t\tif (j > _fields.length)","\t\t\t\t\t\taddError(\"FieldMismatch\", \"TooManyFields\", \"Too many fields: expected \" + _fields.length + \" fields but parsed \" + j, i);","\t\t\t\t\telse if (j < _fields.length)","\t\t\t\t\t\taddError(\"FieldMismatch\", \"TooFewFields\", \"Too few fields: expected \" + _fields.length + \" fields but parsed \" + j, i);","\t\t\t\t}","\t\t\t}","","\t\t\tif (_config.header && _results.meta)","\t\t\t\t_results.meta.fields = _fields;","\t\t\treturn _results;","\t\t}","","\t\tfunction guessDelimiter(input)","\t\t{","\t\t\tvar delimChoices = [\",\", \"\\t\", \"|\", \";\", Baby.RECORD_SEP, Baby.UNIT_SEP];","\t\t\tvar bestDelim, bestDelta, fieldCountPrevRow;","","\t\t\tfor (var i = 0; i < delimChoices.length; i++)","\t\t\t{","\t\t\t\tvar delim = delimChoices[i];","\t\t\t\tvar delta = 0, avgFieldCount = 0;","\t\t\t\tfieldCountPrevRow = undefined;","","\t\t\t\tvar preview = new Parser({","\t\t\t\t\tdelimiter: delim,","\t\t\t\t\tpreview: 10","\t\t\t\t}).parse(input);","","\t\t\t\tfor (var j = 0; j < preview.data.length; j++)","\t\t\t\t{","\t\t\t\t\tvar fieldCount = preview.data[j].length;","\t\t\t\t\tavgFieldCount += fieldCount;","","\t\t\t\t\tif (typeof fieldCountPrevRow === 'undefined')","\t\t\t\t\t{","\t\t\t\t\t\tfieldCountPrevRow = fieldCount;","\t\t\t\t\t\tcontinue;","\t\t\t\t\t}","\t\t\t\t\telse if (fieldCount > 1)","\t\t\t\t\t{","\t\t\t\t\t\tdelta += Math.abs(fieldCount - fieldCountPrevRow);","\t\t\t\t\t\tfieldCountPrevRow = fieldCount;","\t\t\t\t\t}","\t\t\t\t}","","\t\t\t\tavgFieldCount /= preview.data.length;","","\t\t\t\tif ((typeof bestDelta === 'undefined' || delta < bestDelta)","\t\t\t\t\t&& avgFieldCount > 1.99)","\t\t\t\t{","\t\t\t\t\tbestDelta = delta;","\t\t\t\t\tbestDelim = delim;","\t\t\t\t}","\t\t\t}","","\t\t\t_config.delimiter = bestDelim;","","\t\t\treturn {","\t\t\t\tsuccessful: !!bestDelim,","\t\t\t\tbestDelimiter: bestDelim","\t\t\t}","\t\t}","","\t\tfunction guessLineEndings(input)","\t\t{","\t\t\tinput = input.substr(0, 1024*1024);\t// max length 1 MB","","\t\t\tvar r = input.split('\\r');","","\t\t\tif (r.length == 1)","\t\t\t\treturn '\\n';","","\t\t\tvar numWithN = 0;","\t\t\tfor (var i = 0; i < r.length; i++)","\t\t\t{","\t\t\t\tif (r[i][0] == '\\n')","\t\t\t\t\tnumWithN++;","\t\t\t}","","\t\t\treturn numWithN >= r.length / 2 ? '\\r\\n' : '\\r';","\t\t}","","\t\tfunction tryParseFloat(val)","\t\t{","\t\t\tvar isNumber = FLOAT.test(val);","\t\t\treturn isNumber ? parseFloat(val) : val;","\t\t}","","\t\tfunction addError(type, code, msg, row)","\t\t{","\t\t\t_results.errors.push({","\t\t\t\ttype: type,","\t\t\t\tcode: code,","\t\t\t\tmessage: msg,","\t\t\t\trow: row","\t\t\t});","\t\t}","\t}","","","","","","","\t// The core parser implements speedy and correct CSV parsing","\tfunction Parser(config)","\t{","\t\t// Unpack the config object","\t\tconfig = config || {};","\t\tvar delim = config.delimiter;","\t\tvar newline = config.newline;","\t\tvar comments = config.comments;","\t\tvar step = config.step;","\t\tvar preview = config.preview;","\t\tvar fastMode = config.fastMode;","","\t\t// Delimiter must be valid","\t\tif (typeof delim !== 'string'","\t\t\t|| delim.length != 1","\t\t\t|| Baby.BAD_DELIMITERS.indexOf(delim) > -1)","\t\t\tdelim = \",\";","","\t\t// Comment character must be valid","\t\tif (comments === delim)","\t\t\tthrow \"Comment character same as delimiter\";","\t\telse if (comments === true)","\t\t\tcomments = \"#\";","\t\telse if (typeof comments !== 'string'","\t\t\t|| Baby.BAD_DELIMITERS.indexOf(comments) > -1)","\t\t\tcomments = false;","","\t\t// Newline must be valid: \\r, \\n, or \\r\\n","\t\tif (newline != '\\n' && newline != '\\r' && newline != '\\r\\n')","\t\t\tnewline = '\\n';","","\t\t// We're gonna need these at the Parser scope","\t\tvar cursor = 0;","\t\tvar aborted = false;","","\t\tthis.parse = function(input)","\t\t{","\t\t\t// For some reason, in Chrome, this speeds things up (!?)","\t\t\tif (typeof input !== 'string')","\t\t\t\tthrow \"Input must be a string\";","","\t\t\t// We don't need to compute some of these every time parse() is called,","\t\t\t// but having them in a more local scope seems to perform better","\t\t\tvar inputLen = input.length,","\t\t\t\tdelimLen = delim.length,","\t\t\t\tnewlineLen = newline.length,","\t\t\t\tcommentsLen = comments.length;","\t\t\tvar stepIsFunction = typeof step === 'function';","","\t\t\t// Establish starting state","\t\t\tcursor = 0;","\t\t\tvar data = [], errors = [], row = [];","","\t\t\tif (!input)","\t\t\t\treturn returnable();","","\t\t\tif (fastMode)","\t\t\t{","\t\t\t\t// Fast mode assumes there are no quoted fields in the input","\t\t\t\tvar rows = input.split(newline);","\t\t\t\tfor (var i = 0; i < rows.length; i++)","\t\t\t\t{","\t\t\t\t\tif (comments && rows[i].substr(0, commentsLen) == comments)","\t\t\t\t\t\tcontinue;","\t\t\t\t\tif (stepIsFunction)","\t\t\t\t\t{","\t\t\t\t\t\tdata = [ rows[i].split(delim) ];","\t\t\t\t\t\tdoStep();","\t\t\t\t\t\tif (aborted)","\t\t\t\t\t\t\treturn returnable();","\t\t\t\t\t}","\t\t\t\t\telse","\t\t\t\t\t\tdata.push(rows[i].split(delim));","\t\t\t\t\tif (preview && i >= preview)","\t\t\t\t\t{","\t\t\t\t\t\tdata = data.slice(0, preview);","\t\t\t\t\t\treturn returnable(true);","\t\t\t\t\t}","\t\t\t\t}","\t\t\t\treturn returnable();","\t\t\t}","","\t\t\tvar nextDelim = input.indexOf(delim, cursor);","\t\t\tvar nextNewline = input.indexOf(newline, cursor);","","\t\t\t// Parser loop","\t\t\tfor (;;)","\t\t\t{","\t\t\t\t// Field has opening quote","\t\t\t\tif (input[cursor] == '\"')","\t\t\t\t{","\t\t\t\t\t// Start our search for the closing quote where the cursor is","\t\t\t\t\tvar quoteSearch = cursor;","","\t\t\t\t\t// Skip the opening quote","\t\t\t\t\tcursor++;","","\t\t\t\t\tfor (;;)","\t\t\t\t\t{","\t\t\t\t\t\t// Find closing quote","\t\t\t\t\t\tvar quoteSearch = input.indexOf('\"', quoteSearch+1);","","\t\t\t\t\t\tif (quoteSearch === -1)","\t\t\t\t\t\t{","\t\t\t\t\t\t\t// No closing quote... what a pity","\t\t\t\t\t\t\terrors.push({","\t\t\t\t\t\t\t\ttype: \"Quotes\",","\t\t\t\t\t\t\t\tcode: \"MissingQuotes\",","\t\t\t\t\t\t\t\tmessage: \"Quoted field unterminated\",","\t\t\t\t\t\t\t\trow: data.length,\t// row has yet to be inserted","\t\t\t\t\t\t\t\tindex: cursor","\t\t\t\t\t\t\t});","\t\t\t\t\t\t\treturn finish();","\t\t\t\t\t\t}","","\t\t\t\t\t\tif (quoteSearch === inputLen-1)","\t\t\t\t\t\t{","\t\t\t\t\t\t\t// Closing quote at EOF","\t\t\t\t\t\t\trow.push(input.substring(cursor, quoteSearch).replace(/\"\"/g, '\"'));","\t\t\t\t\t\t\tdata.push(row);","\t\t\t\t\t\t\tif (stepIsFunction)","\t\t\t\t\t\t\t\tdoStep();","\t\t\t\t\t\t\treturn returnable();","\t\t\t\t\t\t}","","\t\t\t\t\t\t// If this quote is escaped, it's part of the data; skip it","\t\t\t\t\t\tif (input[quoteSearch+1] == '\"')","\t\t\t\t\t\t{","\t\t\t\t\t\t\tquoteSearch++;","\t\t\t\t\t\t\tcontinue;","\t\t\t\t\t\t}","","\t\t\t\t\t\tif (input[quoteSearch+1] == delim)","\t\t\t\t\t\t{","\t\t\t\t\t\t\t// Closing quote followed by delimiter","\t\t\t\t\t\t\trow.push(input.substring(cursor, quoteSearch).replace(/\"\"/g, '\"'));","\t\t\t\t\t\t\tcursor = quoteSearch + 1 + delimLen;","\t\t\t\t\t\t\tnextDelim = input.indexOf(delim, cursor);","\t\t\t\t\t\t\tnextNewline = input.indexOf(newline, cursor);","\t\t\t\t\t\t\tbreak;","\t\t\t\t\t\t}","","\t\t\t\t\t\tif (input.substr(quoteSearch+1, newlineLen) === newline)","\t\t\t\t\t\t{","\t\t\t\t\t\t\t// Closing quote followed by newline","\t\t\t\t\t\t\trow.push(input.substring(cursor, quoteSearch).replace(/\"\"/g, '\"'));","\t\t\t\t\t\t\tsaveRow(quoteSearch + 1 + newlineLen);","\t\t\t\t\t\t\tnextDelim = input.indexOf(delim, cursor);\t// because we may have skipped the nextDelim in the quoted field","","\t\t\t\t\t\t\tif (stepIsFunction)","\t\t\t\t\t\t\t{","\t\t\t\t\t\t\t\tdoStep();","\t\t\t\t\t\t\t\tif (aborted)","\t\t\t\t\t\t\t\t\treturn returnable();","\t\t\t\t\t\t\t}","\t\t\t\t\t\t\t","\t\t\t\t\t\t\tif (preview && data.length >= preview)","\t\t\t\t\t\t\t\treturn returnable(true);","","\t\t\t\t\t\t\tbreak;","\t\t\t\t\t\t}","\t\t\t\t\t}","","\t\t\t\t\tcontinue;","\t\t\t\t}","","\t\t\t\t// Comment found at start of new line","\t\t\t\tif (comments && row.length === 0 && input.substr(cursor, commentsLen) === comments)","\t\t\t\t{","\t\t\t\t\tif (nextNewline == -1)\t// Comment ends at EOF","\t\t\t\t\t\treturn returnable();","\t\t\t\t\tcursor = nextNewline + newlineLen;","\t\t\t\t\tnextNewline = input.indexOf(newline, cursor);","\t\t\t\t\tnextDelim = input.indexOf(delim, cursor);","\t\t\t\t\tcontinue;","\t\t\t\t}","","\t\t\t\t// Next delimiter comes before next newline, so we've reached end of field","\t\t\t\tif (nextDelim !== -1 && (nextDelim < nextNewline || nextNewline === -1))","\t\t\t\t{","\t\t\t\t\trow.push(input.substring(cursor, nextDelim));","\t\t\t\t\tcursor = nextDelim + delimLen;","\t\t\t\t\tnextDelim = input.indexOf(delim, cursor);","\t\t\t\t\tcontinue;","\t\t\t\t}","","\t\t\t\t// End of row","\t\t\t\tif (nextNewline !== -1)","\t\t\t\t{","\t\t\t\t\trow.push(input.substring(cursor, nextNewline));","\t\t\t\t\tsaveRow(nextNewline + newlineLen);","","\t\t\t\t\tif (stepIsFunction)","\t\t\t\t\t{","\t\t\t\t\t\tdoStep();","\t\t\t\t\t\tif (aborted)","\t\t\t\t\t\t\treturn returnable();","\t\t\t\t\t}","","\t\t\t\t\tif (preview && data.length >= preview)","\t\t\t\t\t\treturn returnable(true);","","\t\t\t\t\tcontinue;","\t\t\t\t}","","\t\t\t\tbreak;","\t\t\t}","","","\t\t\treturn finish();","","","\t\t\t// Appends the remaining input from cursor to the end into","\t\t\t// row, saves the row, calls step, and returns the results.","\t\t\tfunction finish()","\t\t\t{","\t\t\t\trow.push(input.substr(cursor));","\t\t\t\tdata.push(row);","\t\t\t\tcursor = inputLen;\t// important in case parsing is paused","\t\t\t\tif (stepIsFunction)","\t\t\t\t\tdoStep();","\t\t\t\treturn returnable();","\t\t\t}","","\t\t\t// Appends the current row to the results. It sets the cursor","\t\t\t// to newCursor and finds the nextNewline. The caller should","\t\t\t// take care to execute user's step function and check for","\t\t\t// preview and end parsing if necessary.","\t\t\tfunction saveRow(newCursor)","\t\t\t{","\t\t\t\tdata.push(row);","\t\t\t\trow = [];","\t\t\t\tcursor = newCursor;","\t\t\t\tnextNewline = input.indexOf(newline, cursor);","\t\t\t}","","\t\t\t// Returns an object with the results, errors, and meta.","\t\t\tfunction returnable(stopped)","\t\t\t{","\t\t\t\treturn {","\t\t\t\t\tdata: data,","\t\t\t\t\terrors: errors,","\t\t\t\t\tmeta: {","\t\t\t\t\t\tdelimiter: delim,","\t\t\t\t\t\tlinebreak: newline,","\t\t\t\t\t\taborted: aborted,","\t\t\t\t\t\ttruncated: !!stopped","\t\t\t\t\t}","\t\t\t\t};","\t\t\t}","","\t\t\t// Executes the user's step function and resets data & errors.","\t\t\tfunction doStep()","\t\t\t{","\t\t\t\tstep(returnable());","\t\t\t\tdata = [], errors = [];","\t\t\t}","\t\t};","","\t\t// Sets the abort flag","\t\tthis.abort = function()","\t\t{","\t\t\taborted = true;","\t\t};","","\t\t// Gets the cursor position","\t\tthis.getCharIndex = function()","\t\t{","\t\t\treturn cursor;","\t\t};","\t}","","","","","\t// Replaces bad config values with good, default ones","\tfunction copyAndValidateConfig(origConfig)","\t{","\t\tif (typeof origConfig !== 'object')","\t\t\torigConfig = {};","","\t\tvar config = copy(origConfig);","","\t\tif (typeof config.delimiter !== 'string'","\t\t\t|| config.delimiter.length != 1","\t\t\t|| Baby.BAD_DELIMITERS.indexOf(config.delimiter) > -1)","\t\t\tconfig.delimiter = DEFAULTS.delimiter;","","\t\tif (config.newline != '\\n'","\t\t\t&& config.newline != '\\r'","\t\t\t&& config.newline != '\\r\\n')","\t\t\tconfig.newline = DEFAULTS.newline;","","\t\tif (typeof config.header !== 'boolean')","\t\t\tconfig.header = DEFAULTS.header;","","\t\tif (typeof config.dynamicTyping !== 'boolean')","\t\t\tconfig.dynamicTyping = DEFAULTS.dynamicTyping;","","\t\tif (typeof config.preview !== 'number')","\t\t\tconfig.preview = DEFAULTS.preview;","","\t\tif (typeof config.step !== 'function')","\t\t\tconfig.step = DEFAULTS.step;","","\t\tif (typeof config.complete !== 'function')","\t\t\tconfig.complete = DEFAULTS.complete;","","\t\tif (typeof config.skipEmptyLines !== 'boolean')","\t\t\tconfig.skipEmptyLines = DEFAULTS.skipEmptyLines;","","\t\tif (typeof config.fastMode !== 'boolean')","\t\t\tconfig.fastMode = DEFAULTS.fastMode;","","\t\treturn config;","\t}","","\tfunction copy(obj)","\t{","\t\tif (typeof obj !== 'object')","\t\t\treturn obj;","\t\tvar cpy = obj instanceof Array ? [] : {};","\t\tfor (var key in obj)","\t\t\tcpy[key] = copy(obj[key]);","\t\treturn cpy;","\t}","","\tfunction isFunction(func)","\t{","\t\treturn typeof func === 'function';","\t}","","","","","","","\t// export to Node...","\tif ( typeof module !== 'undefined' && module.exports ) {","\t\tmodule.exports = Baby;","\t}","","\t// ...or as AMD module...","\telse if ( typeof define === 'function' && define.amd ) {","\t\tdefine( function () { return Baby; });","\t}","","\t// ...or as browser global","\telse {","\t\tglobal.Baby = Baby;","\t}","","})(typeof window !== 'undefined' ? window : this);",""],"l":{"12":1,"16":1,"29":1,"30":1,"31":1,"32":1,"33":1,"34":1,"35":1,"36":1,"37":1,"38":1,"39":1,"41":1,"43":1,"45":0,"46":0,"47":0,"48":0,"49":0,"51":0,"53":0,"55":0,"59":0,"60":0,"61":0,"62":0,"64":0,"65":0,"68":0,"74":0,"79":1,"81":0,"82":0,"83":0,"84":0,"90":1,"92":0,"93":0,"96":0,"97":0,"98":0,"100":0,"102":0,"103":0,"105":0,"107":0,"108":0,"109":0,"110":0,"112":0,"114":0,"115":0,"117":0,"119":0,"120":0,"124":0,"125":0,"128":0,"132":0,"135":1,"137":0,"138":0,"140":0,"144":0,"147":0,"149":0,"151":0,"152":0,"157":1,"159":0,"160":0,"161":0,"162":0,"163":0,"164":0,"168":1,"170":0,"172":0,"173":0,"174":0,"175":0,"177":0,"178":0,"181":0,"183":0,"185":0,"186":0,"187":0,"189":0,"190":0,"194":0,"196":0,"198":0,"200":0,"201":0,"202":0,"203":0,"206":0,"207":0,"210":0,"214":1,"216":0,"217":0,"219":0,"221":0,"228":0,"231":1,"233":0,"234":0,"235":0,"236":0,"246":1,"249":0,"251":0,"252":0,"253":0,"254":0,"255":0,"256":0,"257":0,"258":0,"264":0,"266":0,"267":0,"269":0,"271":0,"272":0,"275":0,"278":0,"279":0,"281":0,"282":0,"283":0,"285":0,"290":0,"292":0,"293":0,"295":0,"296":0,"298":0,"299":0,"300":0,"303":0,"304":0,"306":0,"309":0,"310":0,"311":0,"313":0,"314":0,"315":0,"316":0,"317":0,"318":0,"319":0,"322":0,"324":0,"325":0,"326":0,"329":0,"331":0,"332":0,"333":0,"334":0,"336":0,"337":0,"338":0,"339":0,"343":0,"345":0,"346":0,"347":0,"348":0,"351":1,"353":0,"355":0,"356":0,"359":0,"361":0,"362":0,"363":0,"366":0,"367":0,"369":0,"372":1,"374":0,"377":1,"379":0,"380":0,"381":0,"382":0,"383":0,"384":0,"387":1,"389":0,"390":0,"392":0,"394":0,"396":0,"398":0,"400":0,"401":0,"402":0,"403":0,"404":0,"406":0,"409":0,"411":0,"413":0,"414":0,"415":0,"418":0,"422":0,"424":0,"425":0,"426":0,"427":0,"428":0,"432":0,"433":0,"434":0,"437":1,"439":0,"440":0,"442":0,"444":0,"445":0,"446":0,"448":0,"453":0,"455":0,"456":0,"458":0,"460":0,"461":0,"463":0,"465":0,"466":0,"470":0,"472":0,"475":0,"476":0,"480":0,"482":0,"488":1,"490":0,"492":0,"494":0,"495":0,"497":0,"498":0,"500":0,"501":0,"504":0,"507":1,"509":0,"510":0,"513":1,"515":0,"530":1,"533":0,"534":0,"535":0,"536":0,"537":0,"538":0,"539":0,"542":0,"545":0,"548":0,"549":0,"550":0,"551":0,"552":0,"554":0,"557":0,"558":0,"561":0,"562":0,"564":0,"567":0,"568":0,"572":0,"576":0,"579":0,"580":0,"582":0,"583":0,"585":0,"588":0,"589":0,"591":0,"592":0,"593":0,"595":0,"596":0,"597":0,"598":0,"601":0,"602":0,"604":0,"605":0,"608":0,"611":0,"612":0,"615":0,"618":0,"621":0,"624":0,"626":0,"629":0,"631":0,"634":0,"641":0,"644":0,"647":0,"648":0,"649":0,"650":0,"651":0,"655":0,"657":0,"658":0,"661":0,"664":0,"665":0,"666":0,"667":0,"668":0,"671":0,"674":0,"675":0,"676":0,"678":0,"680":0,"681":0,"682":0,"685":0,"686":0,"688":0,"692":0,"696":0,"698":0,"699":0,"700":0,"701":0,"702":0,"703":0,"707":0,"709":0,"710":0,"711":0,"712":0,"716":0,"718":0,"719":0,"721":0,"723":0,"724":0,"725":0,"728":0,"729":0,"731":0,"734":0,"738":0,"743":1,"745":0,"746":0,"747":0,"748":0,"749":0,"750":0,"757":1,"759":0,"760":0,"761":0,"762":0,"766":1,"768":0,"781":1,"783":0,"784":0,"789":0,"791":0,"795":0,"797":0,"805":1,"807":0,"808":0,"810":0,"812":0,"815":0,"817":0,"820":0,"822":0,"823":0,"825":0,"826":0,"828":0,"829":0,"831":0,"832":0,"834":0,"835":0,"837":0,"838":0,"840":0,"841":0,"843":0,"846":1,"848":0,"849":0,"850":0,"851":0,"852":0,"853":0,"856":1,"858":0,"867":1,"868":1,"872":0,"873":0,"878":0}}}